[11:51:11.983] [INF] Using Nitrox version 1.4.0.0 built on 2021-01-25 5:39:45 PM
[11:51:12.083] [INF] Registering dependencies
[11:51:12.193] [INF] Patching Subnautica...
[11:51:12.390] [DBG] Applying persistent patch Language_LoadLanguageFile_Patch
[11:51:12.620] [DBG] Applying persistent patch SentrySdk_Start_Patch
[11:51:12.630] [DBG] Applying persistent patch ScreenshotManager_Initialise
[11:51:12.640] [DBG] Applying persistent patch PAXTerrainController_LoadAsync_Patch
[11:51:12.650] [DBG] Applying persistent patch ProtobufSerializer_Serialize_Patch
[11:51:12.660] [DBG] Applying persistent patch ProtobufSerializer_Deserialize_Patch
[11:51:12.670] [DBG] Applying persistent patch CellManager_TryLoadCacheBatchCells_Patch
[11:51:12.670] [DBG] Applying persistent patch CellManager_GetPrefabForSlot_Patch
[11:51:12.680] [DBG] Applying persistent patch EscapePodFirstUseCinematicsController_Initialize_Patch
[11:51:12.680] [DBG] Applying persistent patch GameInput_Initialize_Patch
[11:51:12.690] [DBG] Applying persistent patch GameInput_SetupDefaultKeyboardBindings_Patch
[11:51:12.700] [DBG] Applying persistent patch uGUI_FeedbackCollector_IsEnabled_Patch
[11:51:12.700] [INF] Completed patching
[11:51:12.700] [INF] Applying Nitrox behaviours..
[11:51:12.700] [INF] Enabling developer console.
[11:51:12.700] [INF] Unity run in background set to "True"
[11:51:12.720] [INF] Behaviours applied.
[11:51:13.794] [DBG] Active scene changed from  to StartScreen
[11:51:13.794] [DBG] Scene StartScreen loaded as 2
[11:51:15.079] [ERR] Material doesn't have a texture property '_MainTex'
[11:51:15.080] [ERR] Material doesn't have a texture property '_MainTex'
[11:51:15.115] [DBG] Scene MenuEnvironment loaded as Additive
[11:51:15.879] [INF] [Discord] Init
[11:51:15.883] [DBG] Scene XMenu loaded as Additive
[11:51:31.435] [INF] Initializing MultiplayerSessionManager...
[11:51:31.439] [INF] Multiplayer client loaded...
[11:51:31.442] [INF] Initializing LiteNetLibClient...
[11:51:31.480] [INF] Connected to server
[11:51:31.523] [DBG] Added surrogate ColorSurrogate for type UnityEngine.Color
[11:51:31.523] [DBG] Added surrogate QuaternionSurrogate for type UnityEngine.Quaternion
[11:51:31.523] [DBG] Added surrogate TechTypeSurrogate for type NitroxModel.DataStructures.GameLogic.NitroxTechType
[11:51:31.523] [DBG] Added surrogate Vector3Surrogate for type UnityEngine.Vector3
[11:51:31.605] [DBG] Updating session stage from 'DISCONNECTED' to 'ESTABLISHING_SERVER_POLICY' for ''
[11:51:31.605] [INF] Requesting session policy information...
[11:51:31.919] [INF] Processing session policy information.
[11:51:31.920] [DBG] Updating session stage from 'ESTABLISHING_SERVER_POLICY' to 'AWAITING_RESERVATION_CREDENTIALS' for ''
[11:51:31.920] [INF] Waiting for user input...
[11:52:04.688] [DBG] Updating session stage from 'AWAITING_RESERVATION_CREDENTIALS' to 'AWAITING_SESSION_RESERVATION' for 'Max'
[11:52:04.712] [DBG] Updating session stage from 'AWAITING_SESSION_RESERVATION' to 'SESSION_RESERVED' for 'Max'
[11:52:04.712] [INF] Launching game...
[11:52:04.720] [INF] Setting player name to Max
[11:52:06.121] [Max][DBG] Scene StartScreen unloaded.
[11:52:06.121] [Max][DBG] Scene MenuEnvironment unloaded.
[11:52:06.121] [Max][DBG] Scene XMenu unloaded.
[11:52:06.160] [Max][DBG] Active scene changed from  to Main
[11:52:06.160] [Max][DBG] Scene Main loaded as Single
[11:52:06.643] [Max][DBG] Scene Essentials loaded as Additive
[11:52:06.660] [Max][ERR] Win32Exception: ApplicationName='SubnauticaMonitor.exe', CommandLine='12588 10 C:/Users/User/AppData/Local/Temp/Unknown Worlds/Subnautica\monitor.in C:/Users/User/AppData/Local/Temp/Unknown Worlds/Subnautica\monitor.out', CurrentDirectory='', Native error= The system cannot find the file specified.

System.Diagnostics.Process.StartWithCreateProcess (System.Diagnostics.ProcessStartInfo startInfo) (at <735c83e43c004ee998f77c68cf8035da>:0)
System.Diagnostics.Process.Start () (at <735c83e43c004ee998f77c68cf8035da>:0)
(wrapper remoting-invoke-with-check) System.Diagnostics.Process.Start()
MonitorLauncher.Start () (at <08e3a801b15c454eadae7919261dd9cc>:0)
[11:52:07.052] [Max][DBG] Scene Cyclops loaded as Additive
[11:52:07.178] [Max][DBG] Scene EscapePod loaded as Additive
[11:52:07.458] [Max][DBG] Scene Aurora loaded as Additive
[11:52:21.734] [Max][DBG] Applying dynamic patch IncubatorActivationTerminal_OnHandClick_Patch
[11:52:21.739] [Max][DBG] Applying dynamic patch Incubator_OnHandClick_Patch
[11:52:21.742] [Max][DBG] Applying dynamic patch BaseDeconstructable_MakeFaceDeconstructable_Patch
[11:52:21.744] [Max][DBG] Applying dynamic patch PDAScanner_Scan_Patch
[11:52:21.755] [Max][DBG] Applying dynamic patch Constructable_NotifyConstructedChanged_Patch
[11:52:21.757] [Max][DBG] Applying dynamic patch LiveMixin_AddHealth_Patch
[11:52:21.761] [Max][DBG] Applying dynamic patch LiveMixin_TakeDamage_Patch
[11:52:21.768] [Max][DBG] Applying dynamic patch OnGoalUnlockTracker_NotifyGoalComplete_Patch
[11:52:21.770] [Max][DBG] Applying dynamic patch Player_SetCurrentEscapePod_Patch
[11:52:21.772] [Max][DBG] Applying dynamic patch PrecursorKeyTerminal_OnHandClick_Patch
[11:52:21.775] [Max][DBG] Applying dynamic patch PrecursorTeleporterActivationTerminal_OnProxyHandClick_Patch
[11:52:21.777] [Max][DBG] Applying dynamic patch PrecursorTeleporter_OnActivateTeleporter_Patch
[11:52:21.778] [Max][DBG] Applying dynamic patch IncubatorEgg_HatchNow_Patch
[11:52:21.781] [Max][DBG] Applying dynamic patch RocketPreflightCheckManager_CompletePreflightCheck_Patch
[11:52:21.783] [Max][DBG] Applying dynamic patch StarshipDoor_LockDoor_Patch
[11:52:21.784] [Max][DBG] Applying dynamic patch StarshipDoor_OnDoorToggle_Patch
[11:52:21.785] [Max][DBG] Applying dynamic patch StarshipDoor_UnlockDoor_Patch
[11:52:21.787] [Max][DBG] Applying dynamic patch uGUI_OnApplicationQuit_Patch
[11:52:21.788] [Max][DBG] Applying dynamic patch EnergyMixin_ModifyCharge_Patch
[11:52:21.790] [Max][DBG] Applying dynamic patch Rocket_CallElevator_Patch
[11:52:21.792] [Max][DBG] Applying dynamic patch Rocket_ElevatorControlButtonActivate_Patch
[11:52:21.793] [Max][DBG] Applying dynamic patch RocketConstructor_StartRocketConstruction_Patch
[11:52:21.796] [Max][DBG] Applying dynamic patch Rocket_Start_Patch
[11:52:21.798] [Max][DBG] Applying dynamic patch KeypadDoorConsole_AcceptNumberField_Patch
[11:52:21.800] [Max][DBG] Applying dynamic patch Player_OnKill_Patch
[11:52:21.805] [Max][DBG] Applying dynamic patch PropulsionCannon_ReleaseGrabbedObject_Patch
[11:52:21.807] [Max][DBG] Applying dynamic patch PropulsionCannon_GrabObject_Patch
[11:52:21.809] [Max][DBG] Applying dynamic patch Sealed_Weld_Patch
[11:52:21.811] [Max][DBG] Applying dynamic patch Base_CopyFrom_Patch
[11:52:21.817] [Max][DBG] Applying dynamic patch Constructable_SetState_Patch
[11:52:21.821] [Max][DBG] Applying dynamic patch CrashHome_Spawn_Patch
[11:52:21.823] [Max][DBG] Applying dynamic patch ArmsController_Start_Patch
[11:52:21.825] [Max][DBG] Applying dynamic patch ArmsController_Update_Patch
[11:52:21.832] [Max][DBG] Applying dynamic patch BaseAddBulkheadGhost_UpdatePlacement_Patch
[11:52:21.842] [Max][DBG] Applying dynamic patch BaseAddModuleGhost_UpdatePlacement_Patch
[11:52:21.849] [Max][DBG] Applying dynamic patch BaseDeconstructable_Deconstructor_Patch
[11:52:21.854] [Max][DBG] Applying dynamic patch BaseDeconstructable_Deconstruct_Patch
[11:52:21.863] [Max][DBG] Applying dynamic patch BaseGhost_Finish_Patch
[11:52:21.867] [Max][DBG] Applying dynamic patch Base_ClearGeometry_Patch
[11:52:21.869] [Max][DBG] Applying dynamic patch Base_SpawnPiece_Patch
[11:52:21.872] [Max][DBG] Applying dynamic patch Bed_EnterInUseMode_Patch
[11:52:21.874] [Max][DBG] Applying dynamic patch BuilderTool_HandleInput_Patch
[11:52:21.880] [Max][DBG] Applying dynamic patch Builder_TryPlace_Patch
[11:52:21.887] [Max][DBG] Applying dynamic patch Constructable_Construct_Patch
[11:52:21.890] [Max][DBG] Applying dynamic patch Constructable_Deconstruct_Patch
[11:52:21.892] [Max][DBG] Applying dynamic patch ConstructorInput_Craft_Patch
[11:52:21.894] [Max][DBG] Applying dynamic patch ConstructorInput_OnCraftingBegin_Patch
[11:52:21.898] [Max][DBG] Applying dynamic patch CrafterLogic_TryPickup_Patch
[11:52:21.902] [Max][DBG] Applying dynamic patch Creature_ChooseBestAction_Patch
[11:52:21.907] [Max][DBG] Applying dynamic patch CyclopsDamagePoint_OnRepair_Patch
[11:52:21.910] [Max][DBG] Applying dynamic patch CyclopsDecoyLaunchButton_OnClick_Patch
[11:52:21.911] [Max][DBG] Applying dynamic patch CyclopsEngineChangeState_OnClick_Patch
[11:52:21.914] [Max][DBG] Applying dynamic patch CyclopsExternalDamageManager_CreatePoint_Patch
[11:52:21.917] [Max][DBG] Applying dynamic patch CyclopsFireSuppressionButton_StartCooldown_Patch
[11:52:21.918] [Max][DBG] Applying dynamic patch CyclopsHelmHUDManager_Start_Patch
[11:52:21.920] [Max][DBG] Applying dynamic patch CyclopsHelmHUDManager_StopPiloting_Patch
[11:52:21.921] [Max][DBG] Applying dynamic patch CyclopsHelmHUDManager_Update_Patch
[11:52:21.933] [Max][DBG] Applying dynamic patch CyclopsHornButton_OnPress_Patch
[11:52:21.934] [Max][DBG] Applying dynamic patch CyclopsLightingPanel_OnSubConstructionComplete_Patch
[11:52:21.935] [Max][DBG] Applying dynamic patch CyclopsLightingPanel_ToggleFloodlights_Patch
[11:52:21.938] [Max][DBG] Applying dynamic patch CyclopsLightingPanel_ToggleInternalLighting_Patch
[11:52:21.940] [Max][DBG] Applying dynamic patch CyclopsMotorModeButton_OnClick_Patch
[11:52:21.942] [Max][DBG] Applying dynamic patch CyclopsMotorMode_SaveEngineStateAndPowerDown_Patch
[11:52:21.943] [Max][DBG] Applying dynamic patch CyclopsShieldButton_OnClick_Patch
[11:52:21.945] [Max][DBG] Applying dynamic patch CyclopsShieldButton_StartShield_Patch
[11:52:21.946] [Max][DBG] Applying dynamic patch CyclopsShieldButton_StopShield_Patch
[11:52:21.948] [Max][DBG] Applying dynamic patch CyclopsSilentRunningAbilityButton_TurnOffSilentRunning_Patch
[11:52:21.949] [Max][DBG] Applying dynamic patch CyclopsSilentRunningAbilityButton_TurnOnSilentRunning_Patch
[11:52:21.950] [Max][DBG] Applying dynamic patch CyclopsSonarButton_OnClick_Patch
[11:52:21.953] [Max][DBG] Applying dynamic patch CyclopsSonarButton_SonarPing_Patch
[11:52:21.959] [Max][DBG] Applying dynamic patch DayNightCycle_OnConsoleCommand_day_Patch
[11:52:21.962] [Max][DBG] Applying dynamic patch DayNightCycle_OnConsoleCommand_night_Patch
[11:52:21.964] [Max][DBG] Applying dynamic patch DevConsole_Update_Patch
[11:52:21.970] [Max][DBG] Applying dynamic patch DockedVehicleHandTarget_OnHandClick_Patch
[11:52:21.974] [Max][DBG] Applying dynamic patch EnergyMixin_OnAddItem_Patch
[11:52:21.978] [Max][DBG] Applying dynamic patch EnergyMixin_OnRemoveItem_Patch
[11:52:21.980] [Max][DBG] Applying dynamic patch EnergyMixin_SpawnDefault_Patch
[11:52:21.983] [Max][DBG] Applying dynamic patch EntityCell_QueueForAwake_Patch
[11:52:21.986] [Max][DBG] Applying dynamic patch EntityCell_QueueForSleep_Patch
[11:52:21.989] [Max][DBG] Applying dynamic patch Equipment_AddItem_Patch
[11:52:21.994] [Max][DBG] Applying dynamic patch Equipment_RemoveItem_Patch
[11:52:21.998] [Max][DBG] Applying dynamic patch EscapePod_Awake_Patch
[11:52:22.001] [Max][DBG] Applying dynamic patch EscapePod_OnRepair_Patch
[11:52:22.003] [Max][DBG] Applying dynamic patch ExosuitClawArm_OnPickup_Patch
[11:52:22.007] [Max][DBG] Applying dynamic patch ExosuitClawArm_TryUse_Patch
[11:52:22.011] [Max][DBG] Applying dynamic patch ExosuitDrillArm_OnUseDown_Patch
[11:52:22.014] [Max][DBG] Applying dynamic patch ExosuitDrillArm_OnUseUp_Patch
[11:52:22.016] [Max][DBG] Applying dynamic patch ExosuitGrapplingArm_OnHit_Patch
[11:52:22.022] [Max][DBG] Applying dynamic patch ExosuitGrapplingArm_OnUseUp_Patch
[11:52:22.024] [Max][DBG] Applying dynamic patch ExosuitTorpedoArm_OnUseUp_Patch
[11:52:22.027] [Max][DBG] Applying dynamic patch ExosuitTorpedoArm_Shoot_Patch
[11:52:22.030] [Max][DBG] Applying dynamic patch Exosuit_ArmSpawned_Patch
[11:52:22.034] [Max][DBG] Applying dynamic patch Exosuit_Update_Patch
[11:52:22.054] [Max][DBG] Applying dynamic patch GhostCrafter_OnCraftingBegin_Patch
[11:52:22.056] [Max][DBG] Applying dynamic patch Fire_Douse_Patch
[11:52:22.059] [Max][DBG] Applying dynamic patch FreezeTime_Begin_Patch
[11:52:22.061] [Max][DBG] Applying dynamic patch GameSettings_SerializeInputSettings_Patch
[11:52:22.065] [Max][DBG] Applying dynamic patch IngameMenu_OnSelect_Patch
[11:52:22.069] [Max][DBG] Applying dynamic patch IngameMenu_QuitGameAsync_Patch
[11:52:22.070] [Max][DBG] Applying dynamic patch IngameMenu_QuitGame_Patch
[11:52:22.071] [Max][DBG] Applying dynamic patch IngameMenu_QuitSubscreen_Patch
[11:52:22.073] [Max][DBG] Applying dynamic patch ItemsContainer_NotifyAddItem_Patch
[11:52:22.074] [Max][DBG] Applying dynamic patch ItemsContainer_NotifyRemoveItem_Patch
[11:52:22.076] [Max][DBG] Applying dynamic patch KnownTech_NotifyAdd_Patch
[11:52:22.077] [Max][DBG] Applying dynamic patch MedicalCabinet_OnHandClick_Patch
[11:52:22.079] [Max][DBG] Applying dynamic patch Openable_PlayOpenAnimation_Patch
[11:52:22.082] [Max][DBG] Applying dynamic patch PDAEncyclopedia_Add_Patch
[11:52:22.087] [Max][DBG] Applying dynamic patch PDALog_NotifyAdd_Patch
[11:52:22.088] [Max][DBG] Applying dynamic patch PDAScanner_NotifyAdd_Patch
[11:52:22.089] [Max][DBG] Applying dynamic patch PDAScanner_NotifyProgress_Patch
[11:52:22.091] [Max][DBG] Applying dynamic patch PDAScanner_NotifyRemove_Patch
[11:52:22.092] [Max][DBG] Applying dynamic patch Pickupable_Drop_Patch
[11:52:22.096] [Max][DBG] Applying dynamic patch Pickupable_Pickup_Patch
[11:52:22.098] [Max][DBG] Applying dynamic patch PilotingChair_OnHandClick_Patch
[11:52:22.099] [Max][DBG] Applying dynamic patch PilotingChair_OnPlayerDeath_Patch
[11:52:22.101] [Max][DBG] Applying dynamic patch PilotingChair_ReleaseBy_Patch
[11:52:22.103] [Max][DBG] Applying dynamic patch Player_SetCurrentSub_Patch
[11:52:22.104] [Max][DBG] Applying dynamic patch Player_Update_Patch
[11:52:22.110] [Max][DBG] Applying dynamic patch PrecursorDoorway_ToggleDoor_Patch
[11:52:22.111] [Max][DBG] Applying dynamic patch PrefabPlaceholdersGroup_Spawn_Patch
[11:52:22.113] [Max][DBG] Applying dynamic patch Radio_OnRepair_Patch
[11:52:22.114] [Max][DBG] Applying dynamic patch Radio_PlayRadioMessage_Patch
[11:52:22.115] [Max][DBG] Applying dynamic patch SeaMoth_OnUpgradeModuleUse_Patch
[11:52:22.120] [Max][DBG] Applying dynamic patch Seamoth_SubConstructionComplete_Patch
[11:52:22.121] [Max][DBG] Applying dynamic patch SpawnConsoleCommand_OnConsoleCommand_Patch
[11:52:22.125] [Max][DBG] Applying dynamic patch Stalker_CheckLoseTooth_Patch
[11:52:22.127] [Max][DBG] Applying dynamic patch StoryGoal_Execute_Patch
[11:52:22.128] [Max][DBG] Applying dynamic patch SubConsoleCommand_OnConsoleCommand_sub_Patch
[11:52:22.131] [Max][DBG] Applying dynamic patch SubFire_CreateFire_Patch
[11:52:22.134] [Max][DBG] Applying dynamic patch SubNameInput_OnColorChange_Patch
[11:52:22.136] [Max][DBG] Applying dynamic patch SubNameInput_OnNameChange_Patch
[11:52:22.137] [Max][DBG] Applying dynamic patch SubRoot_OnPlayerEntered_Patch
[11:52:22.143] [Max][DBG] Applying dynamic patch SubRoot_OnTakeDamage_Patch
[11:52:22.148] [Max][DBG] Applying dynamic patch PingManager_NotifyRename_Patch
[11:52:22.149] [Max][DBG] Applying dynamic patch ToggleLights_OnPoweredChanged_Patch
[11:52:22.150] [Max][DBG] Applying dynamic patch ToggleLights_SetLightsActive_Patch
[11:52:22.153] [Max][DBG] Applying dynamic patch uGUI_OptionsPanel_AddBindings_Patch
[11:52:22.156] [Max][DBG] Applying dynamic patch uGUI_SignInput_OnDeselect_Patch
[11:52:22.158] [Max][DBG] Applying dynamic patch VehicleDockingBay_OnTriggerEnter
[11:52:22.160] [Max][DBG] Applying dynamic patch VehicleDockingBay_OnUndockingComplete_Patch
[11:52:22.162] [Max][DBG] Applying dynamic patch Vehicle_OnHandClick_Patch
[11:52:22.164] [Max][DBG] Applying dynamic patch Vehicle_OnKill_Patch
[11:52:22.166] [Max][DBG] Applying dynamic patch Vehicle_OnPilotModeBegin_Patch
[11:52:22.168] [Max][DBG] Applying dynamic patch Vehicle_OnPilotModeEnd_Patch
[11:52:22.169] [Max][DBG] Applying dynamic patch WeldableWallPanelGeneric_UnlockDoor_Patch
[11:52:22.171] [Max][DBG] Applying dynamic patch Welder_Weld_Patch
[11:52:22.281] [Max][ERR] Material doesn't have a texture property 'player_mask_01_normal'
[11:52:25.630] [Max][DBG] Updating session stage from 'SESSION_RESERVED' to 'SESSION_JOINED' for 'Max'
[11:52:25.731] [Max][INF] Running NitroxClient.GameLogic.InitialSync.CyclopsInitialAsyncProcessor
[11:52:25.743] [Max][INF] Running NitroxClient.GameLogic.InitialSync.StoryGoalInitialSyncProcessor
[11:52:25.744] [Max][INF] Received initial sync packet with 0 completed story goals
[11:52:25.765] [Max][INF] Running NitroxClient.GameLogic.InitialSync.BuildingInitialSyncProcessor
[11:52:25.765] [Max][INF] Received initial sync packet with 0 base pieces
[11:52:25.772] [Max][INF] Running NitroxClient.GameLogic.InitialSync.BasePieceMetadataInitialSyncProcessor
[11:52:25.773] [Max][INF] Received initial sync packet having 0 base pieces with meta data
[11:52:25.781] [Max][INF] Running NitroxClient.GameLogic.InitialSync.VehicleInitialSyncProcessor
[11:52:25.781] [Max][INF] Recieved initial sync with 0 non-cyclops vehicles
[11:52:25.788] [Max][INF] Running NitroxClient.GameLogic.InitialSync.PdaInitialSyncProcessor
[11:52:25.789] [Max][INF] Received initial sync packet with 0 encyclopedia entries
[11:52:25.796] [Max][INF] PDAEntryComplete: New added: 0, Total: 4
[11:52:25.803] [Max][DBG] PDAEntryPartial: New added: 0, Total: 3
[11:52:25.810] [Max][INF] Received initial sync packet with 0 known tech types
[11:52:25.817] [Max][INF] Received initial sync packet with 0 pda log entries
[11:52:25.824] [Max][INF] Running NitroxClient.GameLogic.InitialSync.GlobalRootInitialSyncProcessor
[11:52:25.825] [Max][INF] Received initial sync packet with 0 global root entities
[11:52:25.831] [Max][INF] Running NitroxClient.GameLogic.InitialSync.PlayerInitialSyncProcessor
[11:52:25.832] [Max][INF] Received initial sync player GameObject Id: ec6ad56c-42a7-4806-8f2a-06d699d9e43c
[11:52:25.899] [Max][DBG] Sent: Added item FilteredWater to container /Player/Inventory Storage
[11:52:25.900] [Max][DBG] Sent: Added item FilteredWater to container /Player/Inventory Storage
[11:52:25.901] [Max][DBG] Sent: Added item NutrientBlock to container /Player/Inventory Storage
[11:52:25.902] [Max][DBG] Sent: Added item NutrientBlock to container /Player/Inventory Storage
[11:52:25.905] [Max][DBG] Sent: Added item Flare to container /Player/Inventory Storage
[11:52:25.906] [Max][DBG] Sent: Added item Flare to container /Player/Inventory Storage
[11:52:25.920] [Max][INF] Received initial sync packet with gamemode SURVIVAL
[11:52:25.927] [Max][INF] Running NitroxClient.GameLogic.InitialSync.EscapePodInitialSyncProcessor
[11:52:25.928] [Max][DBG] Freezing escape pod rigidbody
[11:52:25.946] [Max][INF] Running NitroxClient.GameLogic.InitialSync.SimulationOwnershipInitialSyncProcessor
[11:52:25.956] [Max][INF] Running NitroxClient.GameLogic.InitialSync.PlayerPositionInitialSyncProcessor
[11:52:25.986] [Max][INF] Running NitroxClient.GameLogic.InitialSync.RemotePlayerInitialSyncProcessor
[11:52:25.994] [Max][INF] Running NitroxClient.GameLogic.InitialSync.EquippedItemInitialSyncProcessor
[11:52:25.996] [Max][INF] Recieved initial sync with 0 pieces of equipped items
[11:52:26.002] [Max][INF] Running NitroxClient.GameLogic.InitialSync.InventoryItemsInitialSyncProcessor
[11:52:26.003] [Max][INF] Received initial sync with 0 inventory items
[11:52:26.009] [Max][INF] Running NitroxClient.GameLogic.InitialSync.PlayerModulesInitialSyncProcessor
[11:52:26.016] [Max][INF] Running NitroxClient.GameLogic.InitialSync.StorageSlotsInitialSyncProcessor
[11:52:26.795] [Max][DBG] Trying to load scene: Assets/chatlog/chatlog.unity
[11:52:26.816] [Max][DBG] Scene chatlog loaded as Additive
[11:52:26.823] [Max][DBG] Trying to load scene: Assets/chatkeyhint/chatkeyhint.unity
[11:52:26.856] [Max][DBG] Scene chatkeyhint loaded as Additive
[11:52:46.893] [Max][DBG] Getting keybinding: Keyboard, Chat (45), Primary
[11:52:46.894] [Max][DBG] Getting keybinding: Keyboard, Chat (45), Secondary
[11:52:47.575] [Max][DBG] Updating session stage from 'SESSION_JOINED' to 'DISCONNECTED' for ''
[11:52:47.577] [Max][ERR] NullReferenceException: routine is null
UnityEngine.MonoBehaviour.StartCoroutine (System.Collections.IEnumerator routine) (at <ff66cad1e8f84652b46bcb4692a8f519>:0)
UWE.CoroutineHost.StartCoroutine (System.Collections.IEnumerator coroutine) (at <6c2b18aac5794607b095c8170abc38ee>:0)
(wrapper dynamic-method) IngameMenu.IngameMenu.QuitGame_Patch1(IngameMenu,bool)
NitroxPatcher.Patches.Dynamic.IngameMenu_QuitSubscreen_Patch.Prefix () (at <fea4cd3534ab4a54937df3253c936d1c>:0)
(wrapper dynamic-method) IngameMenu.IngameMenu.QuitSubscreen_Patch1(IngameMenu)
UnityEngine.Events.InvokableCall.Invoke () (at <ff66cad1e8f84652b46bcb4692a8f519>:0)
UnityEngine.Events.UnityEvent.Invoke () (at <ff66cad1e8f84652b46bcb4692a8f519>:0)
UnityEngine.UI.Button.Press () (at <5a148752f5f441489037a031d75e852e>:0)
UnityEngine.UI.Button.OnPointerClick (UnityEngine.EventSystems.PointerEventData eventData) (at <5a148752f5f441489037a031d75e852e>:0)
UnityEngine.EventSystems.ExecuteEvents.Execute (UnityEngine.EventSystems.IPointerClickHandler handler, UnityEngine.EventSystems.BaseEventData eventData) (at <5a148752f5f441489037a031d75e852e>:0)
UnityEngine.EventSystems.ExecuteEvents.Execute[T] (UnityEngine.GameObject target, UnityEngine.EventSystems.BaseEventData eventData, UnityEngine.EventSystems.ExecuteEvents+EventFunction`1[T1] functor) (at <5a148752f5f441489037a031d75e852e>:0)
UnityEngine.EventSystems.ExecuteEvents:Execute(GameObject, BaseEventData, EventFunction`1)
FPSInputModule:ProcessMousePress(MouseButtonEventData)
FPSInputModule:ProcessMouseEvent()
FPSInputModule:OnUpdate()
ManagedUpdate:Execute(Queue)
ManagedUpdate:LateUpdate()
[11:52:48.510] [Max][INF] [Discord] Shutdown
[11:52:48.522] [Max][ERR] NullReferenceException
uGUI_QuickSlots.get_selector () (at <08e3a801b15c454eadae7919261dd9cc>:0)
uGUI_QuickSlots.OnSelect (System.Int32 slotID) (at <08e3a801b15c454eadae7919261dd9cc>:0)
QuickSlots.NotifySelect (System.Int32 slotID) (at <08e3a801b15c454eadae7919261dd9cc>:0)
QuickSlots.DeselectInternal () (at <08e3a801b15c454eadae7919261dd9cc>:0)
QuickSlots.OnRemoveItem (InventoryItem item) (at <08e3a801b15c454eadae7919261dd9cc>:0)
(wrapper dynamic-method) ItemsContainer.ItemsContainer.NotifyRemoveItem_Patch1(ItemsContainer,InventoryItem)
ItemsContainer.IItemsContainer.RemoveItem (InventoryItem item, System.Boolean forced, System.Boolean verbose) (at <08e3a801b15c454eadae7919261dd9cc>:0)
Pickupable.SetInventoryItem (InventoryItem newInventoryItem) (at <08e3a801b15c454eadae7919261dd9cc>:0)
Pickupable.OnDestroy () (at <08e3a801b15c454eadae7919261dd9cc>:0)
[11:52:48.523] [Max][DBG] Sent: Removed item FilteredWater from container /Player/Inventory Storage
[11:52:48.523] [Max][DBG] Sent: Removed item FilteredWater from container /Player/Inventory Storage
[11:52:48.523] [Max][DBG] Sent: Removed item NutrientBlock from container /Player/Inventory Storage
[11:52:48.523] [Max][DBG] Sent: Removed item NutrientBlock from container /Player/Inventory Storage
[11:52:48.523] [Max][DBG] Sent: Removed item Flare from container /Player/Inventory Storage
[11:53:52.648] [INF] Using Nitrox version 1.4.0.0 built on 2021-01-25 5:39:45 PM
[11:53:52.658] [INF] Registering dependencies
[11:53:52.758] [INF] Patching Subnautica...
[11:53:52.888] [DBG] Applying persistent patch Language_LoadLanguageFile_Patch
[11:53:53.088] [DBG] Applying persistent patch SentrySdk_Start_Patch
[11:53:53.098] [DBG] Applying persistent patch ScreenshotManager_Initialise
[11:53:53.108] [DBG] Applying persistent patch PAXTerrainController_LoadAsync_Patch
[11:53:53.118] [DBG] Applying persistent patch ProtobufSerializer_Serialize_Patch
[11:53:53.128] [DBG] Applying persistent patch ProtobufSerializer_Deserialize_Patch
[11:53:53.138] [DBG] Applying persistent patch CellManager_TryLoadCacheBatchCells_Patch
[11:53:53.138] [DBG] Applying persistent patch CellManager_GetPrefabForSlot_Patch
[11:53:53.148] [DBG] Applying persistent patch EscapePodFirstUseCinematicsController_Initialize_Patch
[11:53:53.148] [DBG] Applying persistent patch GameInput_Initialize_Patch
[11:53:53.158] [DBG] Applying persistent patch GameInput_SetupDefaultKeyboardBindings_Patch
[11:53:53.168] [DBG] Applying persistent patch uGUI_FeedbackCollector_IsEnabled_Patch
[11:53:53.168] [INF] Completed patching
[11:53:53.168] [INF] Applying Nitrox behaviours..
[11:53:53.168] [INF] Enabling developer console.
[11:53:53.168] [INF] Unity run in background set to "True"
[11:53:53.188] [INF] Behaviours applied.
[11:53:54.206] [DBG] Active scene changed from  to StartScreen
[11:53:54.206] [DBG] Scene StartScreen loaded as 2
[11:53:55.478] [ERR] Material doesn't have a texture property '_MainTex'
[11:53:55.478] [ERR] Material doesn't have a texture property '_MainTex'
[11:53:55.514] [DBG] Scene MenuEnvironment loaded as Additive
[11:53:55.863] [ERR] ArgumentException: JSON parse error: Invalid value.
UnityEngine.JsonUtility.FromJson (System.String json, System.Type type) (at <c442da38ea8b417a8a8e20b6445f6e4d>:0)
UnityEngine.JsonUtility.FromJson[T] (System.String json) (at <c442da38ea8b417a8a8e20b6445f6e4d>:0)
LogSettingsResponse.CreateFromJSON (System.String jsonString) (at <08e3a801b15c454eadae7919261dd9cc>:0)
Telemetry+<DownloadLoggingSettings>d__20.MoveNext () (at <08e3a801b15c454eadae7919261dd9cc>:0)
UnityEngine.SetupCoroutine.InvokeMoveNext (System.Collections.IEnumerator enumerator, System.IntPtr returnValueAddress) (at <ff66cad1e8f84652b46bcb4692a8f519>:0)
[11:53:56.116] [INF] [Discord] Init
[11:53:56.119] [DBG] Scene XMenu loaded as Additive
[11:54:00.036] [INF] Initializing MultiplayerSessionManager...
[11:54:00.047] [INF] Multiplayer client loaded...
[11:54:00.050] [INF] Initializing LiteNetLibClient...
[11:54:00.088] [INF] Connected to server
[11:54:00.133] [DBG] Added surrogate ColorSurrogate for type UnityEngine.Color
[11:54:00.133] [DBG] Added surrogate QuaternionSurrogate for type UnityEngine.Quaternion
[11:54:00.133] [DBG] Added surrogate TechTypeSurrogate for type NitroxModel.DataStructures.GameLogic.NitroxTechType
[11:54:00.133] [DBG] Added surrogate Vector3Surrogate for type UnityEngine.Vector3
[11:54:00.151] [DBG] Updating session stage from 'DISCONNECTED' to 'ESTABLISHING_SERVER_POLICY' for ''
[11:54:00.152] [INF] Requesting session policy information...
[11:54:00.350] [INF] Processing session policy information.
[11:54:00.351] [DBG] Updating session stage from 'ESTABLISHING_SERVER_POLICY' to 'AWAITING_RESERVATION_CREDENTIALS' for ''
[11:54:00.351] [INF] Waiting for user input...
[11:54:02.897] [DBG] Updating session stage from 'AWAITING_RESERVATION_CREDENTIALS' to 'AWAITING_SESSION_RESERVATION' for 'Max'
[11:54:02.910] [DBG] Updating session stage from 'AWAITING_SESSION_RESERVATION' to 'SESSION_RESERVED' for 'Max'
[11:54:02.910] [INF] Launching game...
[11:54:02.917] [INF] Setting player name to Max
[11:54:04.306] [Max][DBG] Scene StartScreen unloaded.
[11:54:04.307] [Max][DBG] Scene MenuEnvironment unloaded.
[11:54:04.307] [Max][DBG] Scene XMenu unloaded.
[11:54:04.345] [Max][DBG] Active scene changed from  to Main
[11:54:04.346] [Max][DBG] Scene Main loaded as Single
[11:54:04.831] [Max][DBG] Scene Essentials loaded as Additive
[11:54:04.845] [Max][ERR] Win32Exception: ApplicationName='SubnauticaMonitor.exe', CommandLine='10272 10 C:/Users/User/AppData/Local/Temp/Unknown Worlds/Subnautica\monitor.in C:/Users/User/AppData/Local/Temp/Unknown Worlds/Subnautica\monitor.out', CurrentDirectory='', Native error= The system cannot find the file specified.

System.Diagnostics.Process.StartWithCreateProcess (System.Diagnostics.ProcessStartInfo startInfo) (at <735c83e43c004ee998f77c68cf8035da>:0)
System.Diagnostics.Process.Start () (at <735c83e43c004ee998f77c68cf8035da>:0)
(wrapper remoting-invoke-with-check) System.Diagnostics.Process.Start()
MonitorLauncher.Start () (at <08e3a801b15c454eadae7919261dd9cc>:0)
[11:54:05.243] [Max][DBG] Scene Cyclops loaded as Additive
[11:54:05.363] [Max][DBG] Scene EscapePod loaded as Additive
[11:54:05.596] [Max][DBG] Scene Aurora loaded as Additive
[11:54:20.031] [Max][DBG] Applying dynamic patch IncubatorActivationTerminal_OnHandClick_Patch
[11:54:20.036] [Max][DBG] Applying dynamic patch Incubator_OnHandClick_Patch
[11:54:20.039] [Max][DBG] Applying dynamic patch BaseDeconstructable_MakeFaceDeconstructable_Patch
[11:54:20.041] [Max][DBG] Applying dynamic patch PDAScanner_Scan_Patch
[11:54:20.052] [Max][DBG] Applying dynamic patch Constructable_NotifyConstructedChanged_Patch
[11:54:20.055] [Max][DBG] Applying dynamic patch LiveMixin_AddHealth_Patch
[11:54:20.058] [Max][DBG] Applying dynamic patch LiveMixin_TakeDamage_Patch
[11:54:20.066] [Max][DBG] Applying dynamic patch OnGoalUnlockTracker_NotifyGoalComplete_Patch
[11:54:20.068] [Max][DBG] Applying dynamic patch Player_SetCurrentEscapePod_Patch
[11:54:20.070] [Max][DBG] Applying dynamic patch PrecursorKeyTerminal_OnHandClick_Patch
[11:54:20.072] [Max][DBG] Applying dynamic patch PrecursorTeleporterActivationTerminal_OnProxyHandClick_Patch
[11:54:20.075] [Max][DBG] Applying dynamic patch PrecursorTeleporter_OnActivateTeleporter_Patch
[11:54:20.076] [Max][DBG] Applying dynamic patch IncubatorEgg_HatchNow_Patch
[11:54:20.078] [Max][DBG] Applying dynamic patch RocketPreflightCheckManager_CompletePreflightCheck_Patch
[11:54:20.080] [Max][DBG] Applying dynamic patch StarshipDoor_LockDoor_Patch
[11:54:20.082] [Max][DBG] Applying dynamic patch StarshipDoor_OnDoorToggle_Patch
[11:54:20.083] [Max][DBG] Applying dynamic patch StarshipDoor_UnlockDoor_Patch
[11:54:20.084] [Max][DBG] Applying dynamic patch uGUI_OnApplicationQuit_Patch
[11:54:20.086] [Max][DBG] Applying dynamic patch EnergyMixin_ModifyCharge_Patch
[11:54:20.088] [Max][DBG] Applying dynamic patch Rocket_CallElevator_Patch
[11:54:20.090] [Max][DBG] Applying dynamic patch Rocket_ElevatorControlButtonActivate_Patch
[11:54:20.091] [Max][DBG] Applying dynamic patch RocketConstructor_StartRocketConstruction_Patch
[11:54:20.094] [Max][DBG] Applying dynamic patch Rocket_Start_Patch
[11:54:20.096] [Max][DBG] Applying dynamic patch KeypadDoorConsole_AcceptNumberField_Patch
[11:54:20.098] [Max][DBG] Applying dynamic patch Player_OnKill_Patch
[11:54:20.103] [Max][DBG] Applying dynamic patch PropulsionCannon_ReleaseGrabbedObject_Patch
[11:54:20.105] [Max][DBG] Applying dynamic patch PropulsionCannon_GrabObject_Patch
[11:54:20.107] [Max][DBG] Applying dynamic patch Sealed_Weld_Patch
[11:54:20.108] [Max][DBG] Applying dynamic patch Base_CopyFrom_Patch
[11:54:20.115] [Max][DBG] Applying dynamic patch Constructable_SetState_Patch
[11:54:20.118] [Max][DBG] Applying dynamic patch CrashHome_Spawn_Patch
[11:54:20.120] [Max][DBG] Applying dynamic patch ArmsController_Start_Patch
[11:54:20.123] [Max][DBG] Applying dynamic patch ArmsController_Update_Patch
[11:54:20.130] [Max][DBG] Applying dynamic patch BaseAddBulkheadGhost_UpdatePlacement_Patch
[11:54:20.139] [Max][DBG] Applying dynamic patch BaseAddModuleGhost_UpdatePlacement_Patch
[11:54:20.147] [Max][DBG] Applying dynamic patch BaseDeconstructable_Deconstructor_Patch
[11:54:20.152] [Max][DBG] Applying dynamic patch BaseDeconstructable_Deconstruct_Patch
[11:54:20.160] [Max][DBG] Applying dynamic patch BaseGhost_Finish_Patch
[11:54:20.164] [Max][DBG] Applying dynamic patch Base_ClearGeometry_Patch
[11:54:20.166] [Max][DBG] Applying dynamic patch Base_SpawnPiece_Patch
[11:54:20.169] [Max][DBG] Applying dynamic patch Bed_EnterInUseMode_Patch
[11:54:20.172] [Max][DBG] Applying dynamic patch BuilderTool_HandleInput_Patch
[11:54:20.178] [Max][DBG] Applying dynamic patch Builder_TryPlace_Patch
[11:54:20.184] [Max][DBG] Applying dynamic patch Constructable_Construct_Patch
[11:54:20.187] [Max][DBG] Applying dynamic patch Constructable_Deconstruct_Patch
[11:54:20.189] [Max][DBG] Applying dynamic patch ConstructorInput_Craft_Patch
[11:54:20.191] [Max][DBG] Applying dynamic patch ConstructorInput_OnCraftingBegin_Patch
[11:54:20.196] [Max][DBG] Applying dynamic patch CrafterLogic_TryPickup_Patch
[11:54:20.199] [Max][DBG] Applying dynamic patch Creature_ChooseBestAction_Patch
[11:54:20.205] [Max][DBG] Applying dynamic patch CyclopsDamagePoint_OnRepair_Patch
[11:54:20.207] [Max][DBG] Applying dynamic patch CyclopsDecoyLaunchButton_OnClick_Patch
[11:54:20.209] [Max][DBG] Applying dynamic patch CyclopsEngineChangeState_OnClick_Patch
[11:54:20.211] [Max][DBG] Applying dynamic patch CyclopsExternalDamageManager_CreatePoint_Patch
[11:54:20.217] [Max][DBG] Applying dynamic patch CyclopsFireSuppressionButton_StartCooldown_Patch
[11:54:20.219] [Max][DBG] Applying dynamic patch CyclopsHelmHUDManager_Start_Patch
[11:54:20.221] [Max][DBG] Applying dynamic patch CyclopsHelmHUDManager_StopPiloting_Patch
[11:54:20.222] [Max][DBG] Applying dynamic patch CyclopsHelmHUDManager_Update_Patch
[11:54:20.230] [Max][DBG] Applying dynamic patch CyclopsHornButton_OnPress_Patch
[11:54:20.232] [Max][DBG] Applying dynamic patch CyclopsLightingPanel_OnSubConstructionComplete_Patch
[11:54:20.233] [Max][DBG] Applying dynamic patch CyclopsLightingPanel_ToggleFloodlights_Patch
[11:54:20.236] [Max][DBG] Applying dynamic patch CyclopsLightingPanel_ToggleInternalLighting_Patch
[11:54:20.238] [Max][DBG] Applying dynamic patch CyclopsMotorModeButton_OnClick_Patch
[11:54:20.240] [Max][DBG] Applying dynamic patch CyclopsMotorMode_SaveEngineStateAndPowerDown_Patch
[11:54:20.242] [Max][DBG] Applying dynamic patch CyclopsShieldButton_OnClick_Patch
[11:54:20.245] [Max][DBG] Applying dynamic patch CyclopsShieldButton_StartShield_Patch
[11:54:20.248] [Max][DBG] Applying dynamic patch CyclopsShieldButton_StopShield_Patch
[11:54:20.250] [Max][DBG] Applying dynamic patch CyclopsSilentRunningAbilityButton_TurnOffSilentRunning_Patch
[11:54:20.252] [Max][DBG] Applying dynamic patch CyclopsSilentRunningAbilityButton_TurnOnSilentRunning_Patch
[11:54:20.254] [Max][DBG] Applying dynamic patch CyclopsSonarButton_OnClick_Patch
[11:54:20.257] [Max][DBG] Applying dynamic patch CyclopsSonarButton_SonarPing_Patch
[11:54:20.264] [Max][DBG] Applying dynamic patch DayNightCycle_OnConsoleCommand_day_Patch
[11:54:20.267] [Max][DBG] Applying dynamic patch DayNightCycle_OnConsoleCommand_night_Patch
[11:54:20.270] [Max][DBG] Applying dynamic patch DevConsole_Update_Patch
[11:54:20.277] [Max][DBG] Applying dynamic patch DockedVehicleHandTarget_OnHandClick_Patch
[11:54:20.280] [Max][DBG] Applying dynamic patch EnergyMixin_OnAddItem_Patch
[11:54:20.284] [Max][DBG] Applying dynamic patch EnergyMixin_OnRemoveItem_Patch
[11:54:20.286] [Max][DBG] Applying dynamic patch EnergyMixin_SpawnDefault_Patch
[11:54:20.289] [Max][DBG] Applying dynamic patch EntityCell_QueueForAwake_Patch
[11:54:20.292] [Max][DBG] Applying dynamic patch EntityCell_QueueForSleep_Patch
[11:54:20.295] [Max][DBG] Applying dynamic patch Equipment_AddItem_Patch
[11:54:20.299] [Max][DBG] Applying dynamic patch Equipment_RemoveItem_Patch
[11:54:20.304] [Max][DBG] Applying dynamic patch EscapePod_Awake_Patch
[11:54:20.307] [Max][DBG] Applying dynamic patch EscapePod_OnRepair_Patch
[11:54:20.309] [Max][DBG] Applying dynamic patch ExosuitClawArm_OnPickup_Patch
[11:54:20.315] [Max][DBG] Applying dynamic patch ExosuitClawArm_TryUse_Patch
[11:54:20.319] [Max][DBG] Applying dynamic patch ExosuitDrillArm_OnUseDown_Patch
[11:54:20.322] [Max][DBG] Applying dynamic patch ExosuitDrillArm_OnUseUp_Patch
[11:54:20.325] [Max][DBG] Applying dynamic patch ExosuitGrapplingArm_OnHit_Patch
[11:54:20.333] [Max][DBG] Applying dynamic patch ExosuitGrapplingArm_OnUseUp_Patch
[11:54:20.334] [Max][DBG] Applying dynamic patch ExosuitTorpedoArm_OnUseUp_Patch
[11:54:20.336] [Max][DBG] Applying dynamic patch ExosuitTorpedoArm_Shoot_Patch
[11:54:20.338] [Max][DBG] Applying dynamic patch Exosuit_ArmSpawned_Patch
[11:54:20.340] [Max][DBG] Applying dynamic patch Exosuit_Update_Patch
[11:54:20.353] [Max][DBG] Applying dynamic patch GhostCrafter_OnCraftingBegin_Patch
[11:54:20.355] [Max][DBG] Applying dynamic patch Fire_Douse_Patch
[11:54:20.357] [Max][DBG] Applying dynamic patch FreezeTime_Begin_Patch
[11:54:20.359] [Max][DBG] Applying dynamic patch GameSettings_SerializeInputSettings_Patch
[11:54:20.363] [Max][DBG] Applying dynamic patch IngameMenu_OnSelect_Patch
[11:54:20.367] [Max][DBG] Applying dynamic patch IngameMenu_QuitGameAsync_Patch
[11:54:20.368] [Max][DBG] Applying dynamic patch IngameMenu_QuitGame_Patch
[11:54:20.370] [Max][DBG] Applying dynamic patch IngameMenu_QuitSubscreen_Patch
[11:54:20.372] [Max][DBG] Applying dynamic patch ItemsContainer_NotifyAddItem_Patch
[11:54:20.373] [Max][DBG] Applying dynamic patch ItemsContainer_NotifyRemoveItem_Patch
[11:54:20.374] [Max][DBG] Applying dynamic patch KnownTech_NotifyAdd_Patch
[11:54:20.375] [Max][DBG] Applying dynamic patch MedicalCabinet_OnHandClick_Patch
[11:54:20.377] [Max][DBG] Applying dynamic patch Openable_PlayOpenAnimation_Patch
[11:54:20.380] [Max][DBG] Applying dynamic patch PDAEncyclopedia_Add_Patch
[11:54:20.385] [Max][DBG] Applying dynamic patch PDALog_NotifyAdd_Patch
[11:54:20.386] [Max][DBG] Applying dynamic patch PDAScanner_NotifyAdd_Patch
[11:54:20.388] [Max][DBG] Applying dynamic patch PDAScanner_NotifyProgress_Patch
[11:54:20.389] [Max][DBG] Applying dynamic patch PDAScanner_NotifyRemove_Patch
[11:54:20.390] [Max][DBG] Applying dynamic patch Pickupable_Drop_Patch
[11:54:20.394] [Max][DBG] Applying dynamic patch Pickupable_Pickup_Patch
[11:54:20.396] [Max][DBG] Applying dynamic patch PilotingChair_OnHandClick_Patch
[11:54:20.398] [Max][DBG] Applying dynamic patch PilotingChair_OnPlayerDeath_Patch
[11:54:20.399] [Max][DBG] Applying dynamic patch PilotingChair_ReleaseBy_Patch
[11:54:20.401] [Max][DBG] Applying dynamic patch Player_SetCurrentSub_Patch
[11:54:20.402] [Max][DBG] Applying dynamic patch Player_Update_Patch
[11:54:20.408] [Max][DBG] Applying dynamic patch PrecursorDoorway_ToggleDoor_Patch
[11:54:20.409] [Max][DBG] Applying dynamic patch PrefabPlaceholdersGroup_Spawn_Patch
[11:54:20.411] [Max][DBG] Applying dynamic patch Radio_OnRepair_Patch
[11:54:20.412] [Max][DBG] Applying dynamic patch Radio_PlayRadioMessage_Patch
[11:54:20.413] [Max][DBG] Applying dynamic patch SeaMoth_OnUpgradeModuleUse_Patch
[11:54:20.417] [Max][DBG] Applying dynamic patch Seamoth_SubConstructionComplete_Patch
[11:54:20.419] [Max][DBG] Applying dynamic patch SpawnConsoleCommand_OnConsoleCommand_Patch
[11:54:20.423] [Max][DBG] Applying dynamic patch Stalker_CheckLoseTooth_Patch
[11:54:20.425] [Max][DBG] Applying dynamic patch StoryGoal_Execute_Patch
[11:54:20.426] [Max][DBG] Applying dynamic patch SubConsoleCommand_OnConsoleCommand_sub_Patch
[11:54:20.429] [Max][DBG] Applying dynamic patch SubFire_CreateFire_Patch
[11:54:20.432] [Max][DBG] Applying dynamic patch SubNameInput_OnColorChange_Patch
[11:54:20.433] [Max][DBG] Applying dynamic patch SubNameInput_OnNameChange_Patch
[11:54:20.434] [Max][DBG] Applying dynamic patch SubRoot_OnPlayerEntered_Patch
[11:54:20.440] [Max][DBG] Applying dynamic patch SubRoot_OnTakeDamage_Patch
[11:54:20.446] [Max][DBG] Applying dynamic patch PingManager_NotifyRename_Patch
[11:54:20.447] [Max][DBG] Applying dynamic patch ToggleLights_OnPoweredChanged_Patch
[11:54:20.448] [Max][DBG] Applying dynamic patch ToggleLights_SetLightsActive_Patch
[11:54:20.451] [Max][DBG] Applying dynamic patch uGUI_OptionsPanel_AddBindings_Patch
[11:54:20.454] [Max][DBG] Applying dynamic patch uGUI_SignInput_OnDeselect_Patch
[11:54:20.455] [Max][DBG] Applying dynamic patch VehicleDockingBay_OnTriggerEnter
[11:54:20.458] [Max][DBG] Applying dynamic patch VehicleDockingBay_OnUndockingComplete_Patch
[11:54:20.459] [Max][DBG] Applying dynamic patch Vehicle_OnHandClick_Patch
[11:54:20.461] [Max][DBG] Applying dynamic patch Vehicle_OnKill_Patch
[11:54:20.463] [Max][DBG] Applying dynamic patch Vehicle_OnPilotModeBegin_Patch
[11:54:20.465] [Max][DBG] Applying dynamic patch Vehicle_OnPilotModeEnd_Patch
[11:54:20.467] [Max][DBG] Applying dynamic patch WeldableWallPanelGeneric_UnlockDoor_Patch
[11:54:20.468] [Max][DBG] Applying dynamic patch Welder_Weld_Patch
[11:54:20.579] [Max][ERR] Material doesn't have a texture property 'player_mask_01_normal'
[11:54:23.854] [Max][DBG] Updating session stage from 'SESSION_RESERVED' to 'SESSION_JOINED' for 'Max'
[11:54:23.919] [Max][INF] Running NitroxClient.GameLogic.InitialSync.CyclopsInitialAsyncProcessor
[11:54:23.933] [Max][INF] Running NitroxClient.GameLogic.InitialSync.StoryGoalInitialSyncProcessor
[11:54:23.934] [Max][INF] Received initial sync packet with 0 completed story goals
[11:54:23.954] [Max][INF] Running NitroxClient.GameLogic.InitialSync.BuildingInitialSyncProcessor
[11:54:23.954] [Max][INF] Received initial sync packet with 0 base pieces
[11:54:23.961] [Max][INF] Running NitroxClient.GameLogic.InitialSync.BasePieceMetadataInitialSyncProcessor
[11:54:23.961] [Max][INF] Received initial sync packet having 0 base pieces with meta data
[11:54:23.968] [Max][INF] Running NitroxClient.GameLogic.InitialSync.VehicleInitialSyncProcessor
[11:54:23.968] [Max][INF] Recieved initial sync with 0 non-cyclops vehicles
[11:54:23.975] [Max][INF] Running NitroxClient.GameLogic.InitialSync.PdaInitialSyncProcessor
[11:54:23.975] [Max][INF] Received initial sync packet with 0 encyclopedia entries
[11:54:23.982] [Max][INF] PDAEntryComplete: New added: 0, Total: 4
[11:54:23.989] [Max][DBG] PDAEntryPartial: New added: 0, Total: 3
[11:54:23.996] [Max][INF] Received initial sync packet with 0 known tech types
[11:54:24.003] [Max][INF] Received initial sync packet with 0 pda log entries
[11:54:24.010] [Max][INF] Running NitroxClient.GameLogic.InitialSync.GlobalRootInitialSyncProcessor
[11:54:24.010] [Max][INF] Received initial sync packet with 0 global root entities
[11:54:24.017] [Max][INF] Running NitroxClient.GameLogic.InitialSync.PlayerInitialSyncProcessor
[11:54:24.018] [Max][INF] Received initial sync player GameObject Id: d618134b-56ae-4fbd-9c28-c5f21099f54c
[11:54:24.082] [Max][DBG] Sent: Added item FilteredWater to container /Player/Inventory Storage
[11:54:24.083] [Max][DBG] Sent: Added item FilteredWater to container /Player/Inventory Storage
[11:54:24.084] [Max][DBG] Sent: Added item NutrientBlock to container /Player/Inventory Storage
[11:54:24.085] [Max][DBG] Sent: Added item NutrientBlock to container /Player/Inventory Storage
[11:54:24.088] [Max][DBG] Sent: Added item Flare to container /Player/Inventory Storage
[11:54:24.089] [Max][DBG] Sent: Added item Flare to container /Player/Inventory Storage
[11:54:24.104] [Max][INF] Received initial sync packet with gamemode SURVIVAL
[11:54:24.111] [Max][INF] Running NitroxClient.GameLogic.InitialSync.EscapePodInitialSyncProcessor
[11:54:24.112] [Max][DBG] Freezing escape pod rigidbody
[11:54:24.130] [Max][INF] Running NitroxClient.GameLogic.InitialSync.SimulationOwnershipInitialSyncProcessor
[11:54:24.141] [Max][INF] Running NitroxClient.GameLogic.InitialSync.PlayerPositionInitialSyncProcessor
[11:54:24.162] [Max][INF] Running NitroxClient.GameLogic.InitialSync.RemotePlayerInitialSyncProcessor
[11:54:24.174] [Max][INF] Running NitroxClient.GameLogic.InitialSync.EquippedItemInitialSyncProcessor
[11:54:24.176] [Max][INF] Recieved initial sync with 0 pieces of equipped items
[11:54:24.182] [Max][INF] Running NitroxClient.GameLogic.InitialSync.InventoryItemsInitialSyncProcessor
[11:54:24.183] [Max][INF] Received initial sync with 0 inventory items
[11:54:24.189] [Max][INF] Running NitroxClient.GameLogic.InitialSync.PlayerModulesInitialSyncProcessor
[11:54:24.196] [Max][INF] Running NitroxClient.GameLogic.InitialSync.StorageSlotsInitialSyncProcessor
[11:54:24.882] [Max][DBG] Trying to load scene: Assets/chatlog/chatlog.unity
[11:54:24.891] [Max][DBG] Trying to load scene: Assets/chatkeyhint/chatkeyhint.unity
[11:54:24.897] [Max][DBG] Scene chatlog loaded as Additive
[11:54:24.911] [Max][DBG] Scene chatkeyhint loaded as Additive
[11:54:47.711] [Max][DBG] Updating session stage from 'SESSION_JOINED' to 'DISCONNECTED' for ''
[11:54:47.714] [Max][ERR] NullReferenceException: routine is null
UnityEngine.MonoBehaviour.StartCoroutine (System.Collections.IEnumerator routine) (at <ff66cad1e8f84652b46bcb4692a8f519>:0)
UWE.CoroutineHost.StartCoroutine (System.Collections.IEnumerator coroutine) (at <6c2b18aac5794607b095c8170abc38ee>:0)
(wrapper dynamic-method) IngameMenu.IngameMenu.QuitGame_Patch1(IngameMenu,bool)
NitroxPatcher.Patches.Dynamic.IngameMenu_QuitSubscreen_Patch.Prefix () (at <fea4cd3534ab4a54937df3253c936d1c>:0)
(wrapper dynamic-method) IngameMenu.IngameMenu.QuitSubscreen_Patch1(IngameMenu)
UnityEngine.Events.InvokableCall.Invoke () (at <ff66cad1e8f84652b46bcb4692a8f519>:0)
UnityEngine.Events.UnityEvent.Invoke () (at <ff66cad1e8f84652b46bcb4692a8f519>:0)
UnityEngine.UI.Button.Press () (at <5a148752f5f441489037a031d75e852e>:0)
UnityEngine.UI.Button.OnPointerClick (UnityEngine.EventSystems.PointerEventData eventData) (at <5a148752f5f441489037a031d75e852e>:0)
UnityEngine.EventSystems.ExecuteEvents.Execute (UnityEngine.EventSystems.IPointerClickHandler handler, UnityEngine.EventSystems.BaseEventData eventData) (at <5a148752f5f441489037a031d75e852e>:0)
UnityEngine.EventSystems.ExecuteEvents.Execute[T] (UnityEngine.GameObject target, UnityEngine.EventSystems.BaseEventData eventData, UnityEngine.EventSystems.ExecuteEvents+EventFunction`1[T1] functor) (at <5a148752f5f441489037a031d75e852e>:0)
UnityEngine.EventSystems.ExecuteEvents:Execute(GameObject, BaseEventData, EventFunction`1)
FPSInputModule:ProcessMousePress(MouseButtonEventData)
FPSInputModule:ProcessMouseEvent()
FPSInputModule:OnUpdate()
ManagedUpdate:Execute(Queue)
ManagedUpdate:LateUpdate()
[11:54:48.575] [Max][INF] [Discord] Shutdown
[11:54:48.621] [Max][DBG] Sent: Removed item FilteredWater from container /Player/Inventory Storage
[11:54:48.621] [Max][DBG] Sent: Removed item FilteredWater from container /Player/Inventory Storage
[11:54:48.621] [Max][DBG] Sent: Removed item NutrientBlock from container /Player/Inventory Storage
[11:54:48.621] [Max][DBG] Sent: Removed item NutrientBlock from container /Player/Inventory Storage
[11:54:48.622] [Max][DBG] Sent: Removed item Flare from container /Player/Inventory Storage
[11:54:48.622] [Max][DBG] Sent: Removed item Flare from container /Player/Inventory Storage
[12:02:23.617] [INF] Using Nitrox version 1.4.0.0 built on 2021-01-25 5:39:45 PM
[12:02:23.627] [INF] Registering dependencies
[12:02:23.798] [INF] Patching Subnautica...
[12:02:24.011] [DBG] Applying persistent patch Language_LoadLanguageFile_Patch
[12:02:24.316] [DBG] Applying persistent patch SentrySdk_Start_Patch
[12:02:24.322] [DBG] Applying persistent patch ScreenshotManager_Initialise
[12:02:24.328] [DBG] Applying persistent patch PAXTerrainController_LoadAsync_Patch
[12:02:24.348] [DBG] Applying persistent patch ProtobufSerializer_Serialize_Patch
[12:02:24.353] [DBG] Applying persistent patch ProtobufSerializer_Deserialize_Patch
[12:02:24.360] [DBG] Applying persistent patch CellManager_TryLoadCacheBatchCells_Patch
[12:02:24.366] [DBG] Applying persistent patch CellManager_GetPrefabForSlot_Patch
[12:02:24.373] [DBG] Applying persistent patch EscapePodFirstUseCinematicsController_Initialize_Patch
[12:02:24.376] [DBG] Applying persistent patch GameInput_Initialize_Patch
[12:02:24.385] [DBG] Applying persistent patch GameInput_SetupDefaultKeyboardBindings_Patch
[12:02:24.389] [DBG] Applying persistent patch uGUI_FeedbackCollector_IsEnabled_Patch
[12:02:24.391] [INF] Completed patching
[12:02:24.391] [INF] Applying Nitrox behaviours..
[12:02:24.393] [INF] Enabling developer console.
[12:02:24.393] [INF] Unity run in background set to "True"
[12:02:24.413] [INF] Behaviours applied.
[12:02:25.424] [DBG] Active scene changed from  to StartScreen
[12:02:25.425] [DBG] Scene StartScreen loaded as 2
[12:02:26.752] [ERR] Material doesn't have a texture property '_MainTex'
[12:02:26.752] [ERR] Material doesn't have a texture property '_MainTex'
[12:02:26.788] [DBG] Scene MenuEnvironment loaded as Additive
[12:02:27.206] [ERR] ArgumentException: JSON parse error: Invalid value.
UnityEngine.JsonUtility.FromJson (System.String json, System.Type type) (at <c442da38ea8b417a8a8e20b6445f6e4d>:0)
UnityEngine.JsonUtility.FromJson[T] (System.String json) (at <c442da38ea8b417a8a8e20b6445f6e4d>:0)
LogSettingsResponse.CreateFromJSON (System.String jsonString) (at <08e3a801b15c454eadae7919261dd9cc>:0)
Telemetry+<DownloadLoggingSettings>d__20.MoveNext () (at <08e3a801b15c454eadae7919261dd9cc>:0)
UnityEngine.SetupCoroutine.InvokeMoveNext (System.Collections.IEnumerator enumerator, System.IntPtr returnValueAddress) (at <ff66cad1e8f84652b46bcb4692a8f519>:0)
[12:02:27.474] [INF] [Discord] Init
[12:02:27.477] [DBG] Scene XMenu loaded as Additive
[12:02:27.587] [ERR] HTTP/1.1 502 Bad Gateway
[12:02:36.931] [INF] Initializing MultiplayerSessionManager...
[12:02:36.942] [INF] Multiplayer client loaded...
[12:02:36.945] [INF] Initializing LiteNetLibClient...
[12:02:36.983] [INF] Connected to server
[12:02:37.023] [DBG] Added surrogate ColorSurrogate for type UnityEngine.Color
[12:02:37.024] [DBG] Added surrogate QuaternionSurrogate for type UnityEngine.Quaternion
[12:02:37.024] [DBG] Added surrogate TechTypeSurrogate for type NitroxModel.DataStructures.GameLogic.NitroxTechType
[12:02:37.024] [DBG] Added surrogate Vector3Surrogate for type UnityEngine.Vector3
[12:02:37.042] [DBG] Updating session stage from 'DISCONNECTED' to 'ESTABLISHING_SERVER_POLICY' for ''
[12:02:37.043] [INF] Requesting session policy information...
[12:02:37.232] [INF] Processing session policy information.
[12:02:37.233] [DBG] Updating session stage from 'ESTABLISHING_SERVER_POLICY' to 'AWAITING_RESERVATION_CREDENTIALS' for ''
[12:02:37.233] [INF] Waiting for user input...
[12:02:40.160] [DBG] Updating session stage from 'AWAITING_RESERVATION_CREDENTIALS' to 'AWAITING_SESSION_RESERVATION' for 'Max'
[12:02:40.172] [DBG] Updating session stage from 'AWAITING_SESSION_RESERVATION' to 'SESSION_RESERVED' for 'Max'
[12:02:40.172] [INF] Launching game...
[12:02:40.180] [INF] Setting player name to Max
[12:02:41.576] [Max][DBG] Scene StartScreen unloaded.
[12:02:41.576] [Max][DBG] Scene MenuEnvironment unloaded.
[12:02:41.576] [Max][DBG] Scene XMenu unloaded.
[12:02:41.615] [Max][DBG] Active scene changed from  to Main
[12:02:41.615] [Max][DBG] Scene Main loaded as Single
[12:02:42.110] [Max][DBG] Scene Essentials loaded as Additive
[12:02:42.124] [Max][ERR] Win32Exception: ApplicationName='SubnauticaMonitor.exe', CommandLine='11048 10 C:/Users/User/AppData/Local/Temp/Unknown Worlds/Subnautica\monitor.in C:/Users/User/AppData/Local/Temp/Unknown Worlds/Subnautica\monitor.out', CurrentDirectory='', Native error= The system cannot find the file specified.

System.Diagnostics.Process.StartWithCreateProcess (System.Diagnostics.ProcessStartInfo startInfo) (at <735c83e43c004ee998f77c68cf8035da>:0)
System.Diagnostics.Process.Start () (at <735c83e43c004ee998f77c68cf8035da>:0)
(wrapper remoting-invoke-with-check) System.Diagnostics.Process.Start()
MonitorLauncher.Start () (at <08e3a801b15c454eadae7919261dd9cc>:0)
[12:02:42.523] [Max][DBG] Scene Cyclops loaded as Additive
[12:02:42.648] [Max][DBG] Scene EscapePod loaded as Additive
[12:02:42.882] [Max][DBG] Scene Aurora loaded as Additive
[12:02:57.284] [Max][DBG] Applying dynamic patch IncubatorActivationTerminal_OnHandClick_Patch
[12:02:57.289] [Max][DBG] Applying dynamic patch Incubator_OnHandClick_Patch
[12:02:57.291] [Max][DBG] Applying dynamic patch BaseDeconstructable_MakeFaceDeconstructable_Patch
[12:02:57.294] [Max][DBG] Applying dynamic patch PDAScanner_Scan_Patch
[12:02:57.305] [Max][DBG] Applying dynamic patch Constructable_NotifyConstructedChanged_Patch
[12:02:57.307] [Max][DBG] Applying dynamic patch LiveMixin_AddHealth_Patch
[12:02:57.311] [Max][DBG] Applying dynamic patch LiveMixin_TakeDamage_Patch
[12:02:57.318] [Max][DBG] Applying dynamic patch OnGoalUnlockTracker_NotifyGoalComplete_Patch
[12:02:57.320] [Max][DBG] Applying dynamic patch Player_SetCurrentEscapePod_Patch
[12:02:57.322] [Max][DBG] Applying dynamic patch PrecursorKeyTerminal_OnHandClick_Patch
[12:02:57.325] [Max][DBG] Applying dynamic patch PrecursorTeleporterActivationTerminal_OnProxyHandClick_Patch
[12:02:57.327] [Max][DBG] Applying dynamic patch PrecursorTeleporter_OnActivateTeleporter_Patch
[12:02:57.329] [Max][DBG] Applying dynamic patch IncubatorEgg_HatchNow_Patch
[12:02:57.331] [Max][DBG] Applying dynamic patch RocketPreflightCheckManager_CompletePreflightCheck_Patch
[12:02:57.333] [Max][DBG] Applying dynamic patch StarshipDoor_LockDoor_Patch
[12:02:57.335] [Max][DBG] Applying dynamic patch StarshipDoor_OnDoorToggle_Patch
[12:02:57.336] [Max][DBG] Applying dynamic patch StarshipDoor_UnlockDoor_Patch
[12:02:57.337] [Max][DBG] Applying dynamic patch uGUI_OnApplicationQuit_Patch
[12:02:57.339] [Max][DBG] Applying dynamic patch EnergyMixin_ModifyCharge_Patch
[12:02:57.341] [Max][DBG] Applying dynamic patch Rocket_CallElevator_Patch
[12:02:57.343] [Max][DBG] Applying dynamic patch Rocket_ElevatorControlButtonActivate_Patch
[12:02:57.344] [Max][DBG] Applying dynamic patch RocketConstructor_StartRocketConstruction_Patch
[12:02:57.348] [Max][DBG] Applying dynamic patch Rocket_Start_Patch
[12:02:57.351] [Max][DBG] Applying dynamic patch KeypadDoorConsole_AcceptNumberField_Patch
[12:02:57.353] [Max][DBG] Applying dynamic patch Player_OnKill_Patch
[12:02:57.358] [Max][DBG] Applying dynamic patch PropulsionCannon_ReleaseGrabbedObject_Patch
[12:02:57.360] [Max][DBG] Applying dynamic patch PropulsionCannon_GrabObject_Patch
[12:02:57.362] [Max][DBG] Applying dynamic patch Sealed_Weld_Patch
[12:02:57.364] [Max][DBG] Applying dynamic patch Base_CopyFrom_Patch
[12:02:57.371] [Max][DBG] Applying dynamic patch Constructable_SetState_Patch
[12:02:57.374] [Max][DBG] Applying dynamic patch CrashHome_Spawn_Patch
[12:02:57.377] [Max][DBG] Applying dynamic patch ArmsController_Start_Patch
[12:02:57.379] [Max][DBG] Applying dynamic patch ArmsController_Update_Patch
[12:02:57.386] [Max][DBG] Applying dynamic patch BaseAddBulkheadGhost_UpdatePlacement_Patch
[12:02:57.396] [Max][DBG] Applying dynamic patch BaseAddModuleGhost_UpdatePlacement_Patch
[12:02:57.404] [Max][DBG] Applying dynamic patch BaseDeconstructable_Deconstructor_Patch
[12:02:57.409] [Max][DBG] Applying dynamic patch BaseDeconstructable_Deconstruct_Patch
[12:02:57.418] [Max][DBG] Applying dynamic patch BaseGhost_Finish_Patch
[12:02:57.422] [Max][DBG] Applying dynamic patch Base_ClearGeometry_Patch
[12:02:57.424] [Max][DBG] Applying dynamic patch Base_SpawnPiece_Patch
[12:02:57.427] [Max][DBG] Applying dynamic patch Bed_EnterInUseMode_Patch
[12:02:57.429] [Max][DBG] Applying dynamic patch BuilderTool_HandleInput_Patch
[12:02:57.436] [Max][DBG] Applying dynamic patch Builder_TryPlace_Patch
[12:02:57.442] [Max][DBG] Applying dynamic patch Constructable_Construct_Patch
[12:02:57.445] [Max][DBG] Applying dynamic patch Constructable_Deconstruct_Patch
[12:02:57.448] [Max][DBG] Applying dynamic patch ConstructorInput_Craft_Patch
[12:02:57.450] [Max][DBG] Applying dynamic patch ConstructorInput_OnCraftingBegin_Patch
[12:02:57.454] [Max][DBG] Applying dynamic patch CrafterLogic_TryPickup_Patch
[12:02:57.458] [Max][DBG] Applying dynamic patch Creature_ChooseBestAction_Patch
[12:02:57.464] [Max][DBG] Applying dynamic patch CyclopsDamagePoint_OnRepair_Patch
[12:02:57.466] [Max][DBG] Applying dynamic patch CyclopsDecoyLaunchButton_OnClick_Patch
[12:02:57.467] [Max][DBG] Applying dynamic patch CyclopsEngineChangeState_OnClick_Patch
[12:02:57.470] [Max][DBG] Applying dynamic patch CyclopsExternalDamageManager_CreatePoint_Patch
[12:02:57.473] [Max][DBG] Applying dynamic patch CyclopsFireSuppressionButton_StartCooldown_Patch
[12:02:57.474] [Max][DBG] Applying dynamic patch CyclopsHelmHUDManager_Start_Patch
[12:02:57.476] [Max][DBG] Applying dynamic patch CyclopsHelmHUDManager_StopPiloting_Patch
[12:02:57.477] [Max][DBG] Applying dynamic patch CyclopsHelmHUDManager_Update_Patch
[12:02:57.486] [Max][DBG] Applying dynamic patch CyclopsHornButton_OnPress_Patch
[12:02:57.487] [Max][DBG] Applying dynamic patch CyclopsLightingPanel_OnSubConstructionComplete_Patch
[12:02:57.489] [Max][DBG] Applying dynamic patch CyclopsLightingPanel_ToggleFloodlights_Patch
[12:02:57.492] [Max][DBG] Applying dynamic patch CyclopsLightingPanel_ToggleInternalLighting_Patch
[12:02:57.494] [Max][DBG] Applying dynamic patch CyclopsMotorModeButton_OnClick_Patch
[12:02:57.496] [Max][DBG] Applying dynamic patch CyclopsMotorMode_SaveEngineStateAndPowerDown_Patch
[12:02:57.497] [Max][DBG] Applying dynamic patch CyclopsShieldButton_OnClick_Patch
[12:02:57.499] [Max][DBG] Applying dynamic patch CyclopsShieldButton_StartShield_Patch
[12:02:57.500] [Max][DBG] Applying dynamic patch CyclopsShieldButton_StopShield_Patch
[12:02:57.502] [Max][DBG] Applying dynamic patch CyclopsSilentRunningAbilityButton_TurnOffSilentRunning_Patch
[12:02:57.503] [Max][DBG] Applying dynamic patch CyclopsSilentRunningAbilityButton_TurnOnSilentRunning_Patch
[12:02:57.505] [Max][DBG] Applying dynamic patch CyclopsSonarButton_OnClick_Patch
[12:02:57.507] [Max][DBG] Applying dynamic patch CyclopsSonarButton_SonarPing_Patch
[12:02:57.511] [Max][DBG] Applying dynamic patch DayNightCycle_OnConsoleCommand_day_Patch
[12:02:57.513] [Max][DBG] Applying dynamic patch DayNightCycle_OnConsoleCommand_night_Patch
[12:02:57.515] [Max][DBG] Applying dynamic patch DevConsole_Update_Patch
[12:02:57.519] [Max][DBG] Applying dynamic patch DockedVehicleHandTarget_OnHandClick_Patch
[12:02:57.521] [Max][DBG] Applying dynamic patch EnergyMixin_OnAddItem_Patch
[12:02:57.523] [Max][DBG] Applying dynamic patch EnergyMixin_OnRemoveItem_Patch
[12:02:57.524] [Max][DBG] Applying dynamic patch EnergyMixin_SpawnDefault_Patch
[12:02:57.526] [Max][DBG] Applying dynamic patch EntityCell_QueueForAwake_Patch
[12:02:57.528] [Max][DBG] Applying dynamic patch EntityCell_QueueForSleep_Patch
[12:02:57.530] [Max][DBG] Applying dynamic patch Equipment_AddItem_Patch
[12:02:57.533] [Max][DBG] Applying dynamic patch Equipment_RemoveItem_Patch
[12:02:57.536] [Max][DBG] Applying dynamic patch EscapePod_Awake_Patch
[12:02:57.538] [Max][DBG] Applying dynamic patch EscapePod_OnRepair_Patch
[12:02:57.540] [Max][DBG] Applying dynamic patch ExosuitClawArm_OnPickup_Patch
[12:02:57.543] [Max][DBG] Applying dynamic patch ExosuitClawArm_TryUse_Patch
[12:02:57.546] [Max][DBG] Applying dynamic patch ExosuitDrillArm_OnUseDown_Patch
[12:02:57.548] [Max][DBG] Applying dynamic patch ExosuitDrillArm_OnUseUp_Patch
[12:02:57.549] [Max][DBG] Applying dynamic patch ExosuitGrapplingArm_OnHit_Patch
[12:02:57.553] [Max][DBG] Applying dynamic patch ExosuitGrapplingArm_OnUseUp_Patch
[12:02:57.555] [Max][DBG] Applying dynamic patch ExosuitTorpedoArm_OnUseUp_Patch
[12:02:57.556] [Max][DBG] Applying dynamic patch ExosuitTorpedoArm_Shoot_Patch
[12:02:57.558] [Max][DBG] Applying dynamic patch Exosuit_ArmSpawned_Patch
[12:02:57.561] [Max][DBG] Applying dynamic patch Exosuit_Update_Patch
[12:02:57.574] [Max][DBG] Applying dynamic patch GhostCrafter_OnCraftingBegin_Patch
[12:02:57.576] [Max][DBG] Applying dynamic patch Fire_Douse_Patch
[12:02:57.578] [Max][DBG] Applying dynamic patch FreezeTime_Begin_Patch
[12:02:57.580] [Max][DBG] Applying dynamic patch GameSettings_SerializeInputSettings_Patch
[12:02:57.585] [Max][DBG] Applying dynamic patch IngameMenu_OnSelect_Patch
[12:02:57.589] [Max][DBG] Applying dynamic patch IngameMenu_QuitGameAsync_Patch
[12:02:57.590] [Max][DBG] Applying dynamic patch IngameMenu_QuitGame_Patch
[12:02:57.592] [Max][DBG] Applying dynamic patch IngameMenu_QuitSubscreen_Patch
[12:02:57.594] [Max][DBG] Applying dynamic patch ItemsContainer_NotifyAddItem_Patch
[12:02:57.595] [Max][DBG] Applying dynamic patch ItemsContainer_NotifyRemoveItem_Patch
[12:02:57.596] [Max][DBG] Applying dynamic patch KnownTech_NotifyAdd_Patch
[12:02:57.598] [Max][DBG] Applying dynamic patch MedicalCabinet_OnHandClick_Patch
[12:02:57.600] [Max][DBG] Applying dynamic patch Openable_PlayOpenAnimation_Patch
[12:02:57.603] [Max][DBG] Applying dynamic patch PDAEncyclopedia_Add_Patch
[12:02:57.608] [Max][DBG] Applying dynamic patch PDALog_NotifyAdd_Patch
[12:02:57.613] [Max][DBG] Applying dynamic patch PDAScanner_NotifyAdd_Patch
[12:02:57.614] [Max][DBG] Applying dynamic patch PDAScanner_NotifyProgress_Patch
[12:02:57.616] [Max][DBG] Applying dynamic patch PDAScanner_NotifyRemove_Patch
[12:02:57.617] [Max][DBG] Applying dynamic patch Pickupable_Drop_Patch
[12:02:57.622] [Max][DBG] Applying dynamic patch Pickupable_Pickup_Patch
[12:02:57.624] [Max][DBG] Applying dynamic patch PilotingChair_OnHandClick_Patch
[12:02:57.626] [Max][DBG] Applying dynamic patch PilotingChair_OnPlayerDeath_Patch
[12:02:57.629] [Max][DBG] Applying dynamic patch PilotingChair_ReleaseBy_Patch
[12:02:57.631] [Max][DBG] Applying dynamic patch Player_SetCurrentSub_Patch
[12:02:57.633] [Max][DBG] Applying dynamic patch Player_Update_Patch
[12:02:57.643] [Max][DBG] Applying dynamic patch PrecursorDoorway_ToggleDoor_Patch
[12:02:57.646] [Max][DBG] Applying dynamic patch PrefabPlaceholdersGroup_Spawn_Patch
[12:02:57.648] [Max][DBG] Applying dynamic patch Radio_OnRepair_Patch
[12:02:57.651] [Max][DBG] Applying dynamic patch Radio_PlayRadioMessage_Patch
[12:02:57.652] [Max][DBG] Applying dynamic patch SeaMoth_OnUpgradeModuleUse_Patch
[12:02:57.659] [Max][DBG] Applying dynamic patch Seamoth_SubConstructionComplete_Patch
[12:02:57.661] [Max][DBG] Applying dynamic patch SpawnConsoleCommand_OnConsoleCommand_Patch
[12:02:57.666] [Max][DBG] Applying dynamic patch Stalker_CheckLoseTooth_Patch
[12:02:57.667] [Max][DBG] Applying dynamic patch StoryGoal_Execute_Patch
[12:02:57.669] [Max][DBG] Applying dynamic patch SubConsoleCommand_OnConsoleCommand_sub_Patch
[12:02:57.672] [Max][DBG] Applying dynamic patch SubFire_CreateFire_Patch
[12:02:57.675] [Max][DBG] Applying dynamic patch SubNameInput_OnColorChange_Patch
[12:02:57.677] [Max][DBG] Applying dynamic patch SubNameInput_OnNameChange_Patch
[12:02:57.678] [Max][DBG] Applying dynamic patch SubRoot_OnPlayerEntered_Patch
[12:02:57.687] [Max][DBG] Applying dynamic patch SubRoot_OnTakeDamage_Patch
[12:02:57.696] [Max][DBG] Applying dynamic patch PingManager_NotifyRename_Patch
[12:02:57.699] [Max][DBG] Applying dynamic patch ToggleLights_OnPoweredChanged_Patch
[12:02:57.702] [Max][DBG] Applying dynamic patch ToggleLights_SetLightsActive_Patch
[12:02:57.707] [Max][DBG] Applying dynamic patch uGUI_OptionsPanel_AddBindings_Patch
[12:02:57.714] [Max][DBG] Applying dynamic patch uGUI_SignInput_OnDeselect_Patch
[12:02:57.716] [Max][DBG] Applying dynamic patch VehicleDockingBay_OnTriggerEnter
[12:02:57.719] [Max][DBG] Applying dynamic patch VehicleDockingBay_OnUndockingComplete_Patch
[12:02:57.720] [Max][DBG] Applying dynamic patch Vehicle_OnHandClick_Patch
[12:02:57.722] [Max][DBG] Applying dynamic patch Vehicle_OnKill_Patch
[12:02:57.724] [Max][DBG] Applying dynamic patch Vehicle_OnPilotModeBegin_Patch
[12:02:57.726] [Max][DBG] Applying dynamic patch Vehicle_OnPilotModeEnd_Patch
[12:02:57.728] [Max][DBG] Applying dynamic patch WeldableWallPanelGeneric_UnlockDoor_Patch
[12:02:57.729] [Max][DBG] Applying dynamic patch Welder_Weld_Patch
[12:02:57.845] [Max][ERR] Material doesn't have a texture property 'player_mask_01_normal'
[12:03:01.209] [Max][DBG] Updating session stage from 'SESSION_RESERVED' to 'SESSION_JOINED' for 'Max'
[12:03:01.285] [Max][INF] Running NitroxClient.GameLogic.InitialSync.CyclopsInitialAsyncProcessor
[12:03:01.299] [Max][INF] Running NitroxClient.GameLogic.InitialSync.StoryGoalInitialSyncProcessor
[12:03:01.300] [Max][INF] Received initial sync packet with 0 completed story goals
[12:03:01.329] [Max][INF] Running NitroxClient.GameLogic.InitialSync.BuildingInitialSyncProcessor
[12:03:01.329] [Max][INF] Received initial sync packet with 0 base pieces
[12:03:01.336] [Max][INF] Running NitroxClient.GameLogic.InitialSync.BasePieceMetadataInitialSyncProcessor
[12:03:01.337] [Max][INF] Received initial sync packet having 0 base pieces with meta data
[12:03:01.343] [Max][INF] Running NitroxClient.GameLogic.InitialSync.VehicleInitialSyncProcessor
[12:03:01.344] [Max][INF] Recieved initial sync with 0 non-cyclops vehicles
[12:03:01.350] [Max][INF] Running NitroxClient.GameLogic.InitialSync.PdaInitialSyncProcessor
[12:03:01.351] [Max][INF] Received initial sync packet with 0 encyclopedia entries
[12:03:01.357] [Max][INF] PDAEntryComplete: New added: 0, Total: 4
[12:03:01.364] [Max][DBG] PDAEntryPartial: New added: 0, Total: 3
[12:03:01.371] [Max][INF] Received initial sync packet with 0 known tech types
[12:03:01.379] [Max][INF] Received initial sync packet with 0 pda log entries
[12:03:01.385] [Max][INF] Running NitroxClient.GameLogic.InitialSync.GlobalRootInitialSyncProcessor
[12:03:01.385] [Max][INF] Received initial sync packet with 0 global root entities
[12:03:01.392] [Max][INF] Running NitroxClient.GameLogic.InitialSync.PlayerInitialSyncProcessor
[12:03:01.394] [Max][INF] Received initial sync player GameObject Id: 65c91798-428f-4ae9-b621-a51143cfe883
[12:03:01.467] [Max][DBG] Sent: Added item FilteredWater to container /Player/Inventory Storage
[12:03:01.468] [Max][DBG] Sent: Added item FilteredWater to container /Player/Inventory Storage
[12:03:01.470] [Max][DBG] Sent: Added item NutrientBlock to container /Player/Inventory Storage
[12:03:01.471] [Max][DBG] Sent: Added item NutrientBlock to container /Player/Inventory Storage
[12:03:01.474] [Max][DBG] Sent: Added item Flare to container /Player/Inventory Storage
[12:03:01.475] [Max][DBG] Sent: Added item Flare to container /Player/Inventory Storage
[12:03:01.491] [Max][INF] Received initial sync packet with gamemode SURVIVAL
[12:03:01.498] [Max][INF] Running NitroxClient.GameLogic.InitialSync.EscapePodInitialSyncProcessor
[12:03:01.499] [Max][DBG] Freezing escape pod rigidbody
[12:03:01.520] [Max][INF] Running NitroxClient.GameLogic.InitialSync.SimulationOwnershipInitialSyncProcessor
[12:03:01.530] [Max][INF] Running NitroxClient.GameLogic.InitialSync.PlayerPositionInitialSyncProcessor
[12:03:01.565] [Max][INF] Running NitroxClient.GameLogic.InitialSync.RemotePlayerInitialSyncProcessor
[12:03:01.572] [Max][INF] Running NitroxClient.GameLogic.InitialSync.EquippedItemInitialSyncProcessor
[12:03:01.573] [Max][INF] Recieved initial sync with 0 pieces of equipped items
[12:03:01.579] [Max][INF] Running NitroxClient.GameLogic.InitialSync.InventoryItemsInitialSyncProcessor
[12:03:01.580] [Max][INF] Received initial sync with 0 inventory items
[12:03:01.586] [Max][INF] Running NitroxClient.GameLogic.InitialSync.PlayerModulesInitialSyncProcessor
[12:03:01.593] [Max][INF] Running NitroxClient.GameLogic.InitialSync.StorageSlotsInitialSyncProcessor
[12:03:02.304] [Max][DBG] Trying to load scene: Assets/chatlog/chatlog.unity
[12:03:02.304] [Max][DBG] Trying to load scene: Assets/chatkeyhint/chatkeyhint.unity
[12:03:02.330] [Max][DBG] Scene chatlog loaded as Additive
[12:03:02.347] [Max][DBG] Scene chatkeyhint loaded as Additive
[12:03:09.263] [Max][INF] PickedUp a825f8ae-46be-40f8-9fe8-6be8e2aeecb7 FireExtinguisher
[12:03:09.266] [Max][DBG] Sent: Added item FireExtinguisher to container /Player/Inventory Storage
[12:03:13.100] [Max][DBG] Sent: Removed item FireExtinguisher from container /Player/Inventory Storage
[12:03:13.101] [Max][DBG] Sent: Added item FireExtinguisher to container /EscapePod-MainPrefab/EscapePod/StorageRoot
[12:03:13.620] [Max][DBG] Sent: Removed item Flare from container /Player/Inventory Storage
[12:03:13.621] [Max][DBG] Sent: Added item Flare to container /EscapePod-MainPrefab/EscapePod/StorageRoot
[12:03:13.746] [Max][DBG] Sent: Removed item Flare from container /Player/Inventory Storage
[12:03:13.747] [Max][DBG] Sent: Added item Flare to container /EscapePod-MainPrefab/EscapePod/StorageRoot
[12:03:13.863] [Max][DBG] Sent: Removed item FilteredWater from container /Player/Inventory Storage
[12:03:13.865] [Max][DBG] Sent: Added item FilteredWater to container /EscapePod-MainPrefab/EscapePod/StorageRoot
[12:03:13.989] [Max][DBG] Sent: Removed item FilteredWater from container /Player/Inventory Storage
[12:03:13.993] [Max][DBG] Sent: Added item FilteredWater to container /EscapePod-MainPrefab/EscapePod/StorageRoot
[12:03:14.325] [Max][DBG] Sent: Removed item NutrientBlock from container /Player/Inventory Storage
[12:03:14.326] [Max][DBG] Sent: Added item NutrientBlock to container /EscapePod-MainPrefab/EscapePod/StorageRoot
[12:03:14.452] [Max][DBG] Sent: Removed item NutrientBlock from container /Player/Inventory Storage
[12:03:14.453] [Max][DBG] Sent: Added item NutrientBlock to container /EscapePod-MainPrefab/EscapePod/StorageRoot
[12:03:17.524] [Max][INF] PickedUp 74b7dc37-3040-4f01-a20d-1d2c4e27fd8e FirstAidKit
[12:03:17.525] [Max][DBG] Sent: Added item FirstAidKit to container /Player/Inventory Storage
[12:03:31.997] [Max][DBG] Updating session stage from 'SESSION_JOINED' to 'DISCONNECTED' for ''
[12:03:31.999] [Max][ERR] NullReferenceException: routine is null
UnityEngine.MonoBehaviour.StartCoroutine (System.Collections.IEnumerator routine) (at <ff66cad1e8f84652b46bcb4692a8f519>:0)
UWE.CoroutineHost.StartCoroutine (System.Collections.IEnumerator coroutine) (at <6c2b18aac5794607b095c8170abc38ee>:0)
(wrapper dynamic-method) IngameMenu.IngameMenu.QuitGame_Patch1(IngameMenu,bool)
NitroxPatcher.Patches.Dynamic.IngameMenu_QuitSubscreen_Patch.Prefix () (at <fea4cd3534ab4a54937df3253c936d1c>:0)
(wrapper dynamic-method) IngameMenu.IngameMenu.QuitSubscreen_Patch1(IngameMenu)
UnityEngine.Events.InvokableCall.Invoke () (at <ff66cad1e8f84652b46bcb4692a8f519>:0)
UnityEngine.Events.UnityEvent.Invoke () (at <ff66cad1e8f84652b46bcb4692a8f519>:0)
UnityEngine.UI.Button.Press () (at <5a148752f5f441489037a031d75e852e>:0)
UnityEngine.UI.Button.OnPointerClick (UnityEngine.EventSystems.PointerEventData eventData) (at <5a148752f5f441489037a031d75e852e>:0)
UnityEngine.EventSystems.ExecuteEvents.Execute (UnityEngine.EventSystems.IPointerClickHandler handler, UnityEngine.EventSystems.BaseEventData eventData) (at <5a148752f5f441489037a031d75e852e>:0)
UnityEngine.EventSystems.ExecuteEvents.Execute[T] (UnityEngine.GameObject target, UnityEngine.EventSystems.BaseEventData eventData, UnityEngine.EventSystems.ExecuteEvents+EventFunction`1[T1] functor) (at <5a148752f5f441489037a031d75e852e>:0)
UnityEngine.EventSystems.ExecuteEvents:Execute(GameObject, BaseEventData, EventFunction`1)
FPSInputModule:ProcessMousePress(MouseButtonEventData)
FPSInputModule:ProcessMouseEvent()
FPSInputModule:OnUpdate()
ManagedUpdate:Execute(Queue)
ManagedUpdate:LateUpdate()
[12:03:32.891] [Max][INF] [Discord] Shutdown
[12:03:32.952] [Max][DBG] Sent: Removed item FirstAidKit from container /Player/Inventory Storage
[12:03:32.954] [Max][DBG] Sent: Removed item FireExtinguisher from container /EscapePod-MainPrefab/EscapePod/StorageRoot
[12:03:32.954] [Max][DBG] Sent: Removed item Flare from container /EscapePod-MainPrefab/EscapePod/StorageRoot
[12:03:32.955] [Max][DBG] Sent: Removed item Flare from container /EscapePod-MainPrefab/EscapePod/StorageRoot
[12:03:32.955] [Max][DBG] Sent: Removed item FilteredWater from container /EscapePod-MainPrefab/EscapePod/StorageRoot
[12:03:32.955] [Max][DBG] Sent: Removed item FilteredWater from container /EscapePod-MainPrefab/EscapePod/StorageRoot
[12:03:32.955] [Max][DBG] Sent: Removed item NutrientBlock from container /EscapePod-MainPrefab/EscapePod/StorageRoot
[12:03:32.955] [Max][DBG] Sent: Removed item NutrientBlock from container /EscapePod-MainPrefab/EscapePod/StorageRoot
[13:54:25.383] [INF] Using Nitrox version 1.4.0.0 built on 2021-01-25 5:39:45 PM
[13:54:25.474] [INF] Registering dependencies
[13:54:25.669] [INF] Patching Subnautica...
[13:54:25.801] [DBG] Applying persistent patch Language_LoadLanguageFile_Patch
[13:54:26.018] [DBG] Applying persistent patch SentrySdk_Start_Patch
[13:54:26.024] [DBG] Applying persistent patch ScreenshotManager_Initialise
[13:54:26.030] [DBG] Applying persistent patch PAXTerrainController_LoadAsync_Patch
[13:54:26.048] [DBG] Applying persistent patch ProtobufSerializer_Serialize_Patch
[13:54:26.054] [DBG] Applying persistent patch ProtobufSerializer_Deserialize_Patch
[13:54:26.061] [DBG] Applying persistent patch CellManager_TryLoadCacheBatchCells_Patch
[13:54:26.068] [DBG] Applying persistent patch CellManager_GetPrefabForSlot_Patch
[13:54:26.074] [DBG] Applying persistent patch EscapePodFirstUseCinematicsController_Initialize_Patch
[13:54:26.078] [DBG] Applying persistent patch GameInput_Initialize_Patch
[13:54:26.086] [DBG] Applying persistent patch GameInput_SetupDefaultKeyboardBindings_Patch
[13:54:26.090] [DBG] Applying persistent patch uGUI_FeedbackCollector_IsEnabled_Patch
[13:54:26.093] [INF] Completed patching
[13:54:26.093] [INF] Applying Nitrox behaviours..
[13:54:26.095] [INF] Enabling developer console.
[13:54:26.095] [INF] Unity run in background set to "True"
[13:54:26.193] [INF] Behaviours applied.
[13:54:27.944] [DBG] Active scene changed from  to StartScreen
[13:54:27.945] [DBG] Scene StartScreen loaded as 2
[13:54:30.270] [ERR] Material doesn't have a texture property '_MainTex'
[13:54:30.270] [ERR] Material doesn't have a texture property '_MainTex'
[13:54:30.664] [DBG] Scene MenuEnvironment loaded as Additive
[13:54:38.599] [INF] [Discord] Init
[13:54:38.602] [DBG] Scene XMenu loaded as Additive
[13:55:10.595] [INF] Initializing MultiplayerSessionManager...
[13:55:10.606] [INF] Multiplayer client loaded...
[13:55:10.608] [INF] Initializing LiteNetLibClient...
[13:55:12.663] [INF] Unable to contact the remote server at: "*****************":11000
[13:55:16.382] [INF] Disconnected from server
[13:55:42.267] [INF] Initializing MultiplayerSessionManager...
[13:55:42.267] [INF] Multiplayer client loaded...
[13:55:42.267] [INF] Initializing LiteNetLibClient...
[13:55:42.279] [INF] Connected to server
[13:55:42.440] [DBG] Added surrogate ColorSurrogate for type UnityEngine.Color
[13:55:42.440] [DBG] Added surrogate QuaternionSurrogate for type UnityEngine.Quaternion
[13:55:42.440] [DBG] Added surrogate TechTypeSurrogate for type NitroxModel.DataStructures.GameLogic.NitroxTechType
[13:55:42.440] [DBG] Added surrogate Vector3Surrogate for type UnityEngine.Vector3
[13:55:42.520] [DBG] Updating session stage from 'DISCONNECTED' to 'ESTABLISHING_SERVER_POLICY' for ''
[13:55:42.521] [INF] Requesting session policy information...
[13:55:42.839] [INF] Processing session policy information.
[13:55:42.840] [DBG] Updating session stage from 'ESTABLISHING_SERVER_POLICY' to 'AWAITING_RESERVATION_CREDENTIALS' for ''
[13:55:42.840] [INF] Waiting for user input...
[13:55:52.114] [DBG] Updating session stage from 'AWAITING_RESERVATION_CREDENTIALS' to 'DISCONNECTED' for ''
[13:55:52.114] [INF] Disconnected from server
[13:55:55.325] [INF] [Discord] Shutdown
[14:07:06.529] [INF] Using Nitrox version 1.4.0.0 built on 2021-01-25 5:39:45 PM
[14:07:06.536] [INF] Registering dependencies
[14:07:06.638] [INF] Patching Subnautica...
[14:07:06.766] [DBG] Applying persistent patch Language_LoadLanguageFile_Patch
[14:07:06.973] [DBG] Applying persistent patch SentrySdk_Start_Patch
[14:07:06.979] [DBG] Applying persistent patch ScreenshotManager_Initialise
[14:07:06.986] [DBG] Applying persistent patch PAXTerrainController_LoadAsync_Patch
[14:07:07.003] [DBG] Applying persistent patch ProtobufSerializer_Serialize_Patch
[14:07:07.009] [DBG] Applying persistent patch ProtobufSerializer_Deserialize_Patch
[14:07:07.016] [DBG] Applying persistent patch CellManager_TryLoadCacheBatchCells_Patch
[14:07:07.023] [DBG] Applying persistent patch CellManager_GetPrefabForSlot_Patch
[14:07:07.028] [DBG] Applying persistent patch EscapePodFirstUseCinematicsController_Initialize_Patch
[14:07:07.032] [DBG] Applying persistent patch GameInput_Initialize_Patch
[14:07:07.042] [DBG] Applying persistent patch GameInput_SetupDefaultKeyboardBindings_Patch
[14:07:07.046] [DBG] Applying persistent patch uGUI_FeedbackCollector_IsEnabled_Patch
[14:07:07.048] [INF] Completed patching
[14:07:07.048] [INF] Applying Nitrox behaviours..
[14:07:07.050] [INF] Enabling developer console.
[14:07:07.050] [INF] Unity run in background set to "True"
[14:07:07.070] [INF] Behaviours applied.
[14:07:08.098] [DBG] Active scene changed from  to StartScreen
[14:07:08.099] [DBG] Scene StartScreen loaded as 2
[14:07:09.405] [ERR] Material doesn't have a texture property '_MainTex'
[14:07:09.406] [ERR] Material doesn't have a texture property '_MainTex'
[14:07:09.442] [DBG] Scene MenuEnvironment loaded as Additive
[14:07:10.069] [INF] [Discord] Init
[14:07:10.073] [DBG] Scene XMenu loaded as Additive
[14:07:32.242] [INF] Initializing MultiplayerSessionManager...
[14:07:32.252] [INF] Multiplayer client loaded...
[14:07:32.255] [INF] Initializing LiteNetLibClient...
[14:07:34.289] [INF] Unable to contact the remote server at: "*****************":11000
[14:07:37.985] [INF] Disconnected from server
[14:07:53.284] [INF] Initializing MultiplayerSessionManager...
[14:07:53.284] [INF] Multiplayer client loaded...
[14:07:53.284] [INF] Initializing LiteNetLibClient...
[14:07:53.289] [INF] Connected to server
[14:07:53.333] [DBG] Added surrogate ColorSurrogate for type UnityEngine.Color
[14:07:53.333] [DBG] Added surrogate QuaternionSurrogate for type UnityEngine.Quaternion
[14:07:53.333] [DBG] Added surrogate TechTypeSurrogate for type NitroxModel.DataStructures.GameLogic.NitroxTechType
[14:07:53.333] [DBG] Added surrogate Vector3Surrogate for type UnityEngine.Vector3
[14:07:53.351] [DBG] Updating session stage from 'DISCONNECTED' to 'ESTABLISHING_SERVER_POLICY' for ''
[14:07:53.352] [INF] Requesting session policy information...
[14:07:53.376] [INF] Processing session policy information.
[14:07:53.377] [DBG] Updating session stage from 'ESTABLISHING_SERVER_POLICY' to 'AWAITING_RESERVATION_CREDENTIALS' for ''
[14:07:53.377] [INF] Waiting for user input...
[14:07:55.278] [DBG] Updating session stage from 'AWAITING_RESERVATION_CREDENTIALS' to 'DISCONNECTED' for ''
[14:07:55.278] [INF] Disconnected from server
[14:07:58.982] [INF] [Discord] Shutdown
[14:16:30.260] [INF] Using Nitrox version 1.4.0.0 built on 2021-01-25 5:39:45 PM
[14:16:30.267] [INF] Registering dependencies
[14:16:30.367] [INF] Patching Subnautica...
[14:16:30.495] [DBG] Applying persistent patch Language_LoadLanguageFile_Patch
[14:16:30.703] [DBG] Applying persistent patch SentrySdk_Start_Patch
[14:16:30.709] [DBG] Applying persistent patch ScreenshotManager_Initialise
[14:16:30.716] [DBG] Applying persistent patch PAXTerrainController_LoadAsync_Patch
[14:16:30.733] [DBG] Applying persistent patch ProtobufSerializer_Serialize_Patch
[14:16:30.739] [DBG] Applying persistent patch ProtobufSerializer_Deserialize_Patch
[14:16:30.746] [DBG] Applying persistent patch CellManager_TryLoadCacheBatchCells_Patch
[14:16:30.752] [DBG] Applying persistent patch CellManager_GetPrefabForSlot_Patch
[14:16:30.758] [DBG] Applying persistent patch EscapePodFirstUseCinematicsController_Initialize_Patch
[14:16:30.762] [DBG] Applying persistent patch GameInput_Initialize_Patch
[14:16:30.772] [DBG] Applying persistent patch GameInput_SetupDefaultKeyboardBindings_Patch
[14:16:30.775] [DBG] Applying persistent patch uGUI_FeedbackCollector_IsEnabled_Patch
[14:16:30.777] [INF] Completed patching
[14:16:30.777] [INF] Applying Nitrox behaviours..
[14:16:30.779] [INF] Enabling developer console.
[14:16:30.779] [INF] Unity run in background set to "True"
[14:16:30.798] [INF] Behaviours applied.
[14:16:31.879] [DBG] Active scene changed from  to StartScreen
[14:16:31.880] [DBG] Scene StartScreen loaded as 2
[14:16:33.238] [ERR] Material doesn't have a texture property '_MainTex'
[14:16:33.238] [ERR] Material doesn't have a texture property '_MainTex'
[14:16:33.273] [DBG] Scene MenuEnvironment loaded as Additive
[14:16:33.908] [INF] [Discord] Init
[14:16:33.911] [DBG] Scene XMenu loaded as Additive
[14:16:36.547] [INF] Initializing MultiplayerSessionManager...
[14:16:36.558] [INF] Multiplayer client loaded...
[14:16:36.560] [INF] Initializing LiteNetLibClient...
[14:16:38.594] [INF] Unable to contact the remote server at: "*****************":11000
[14:16:42.288] [INF] Disconnected from server
[14:16:51.707] [INF] Initializing MultiplayerSessionManager...
[14:16:51.707] [INF] Multiplayer client loaded...
[14:16:51.707] [INF] Initializing LiteNetLibClient...
[14:16:51.719] [INF] Connected to server
[14:16:51.763] [DBG] Added surrogate ColorSurrogate for type UnityEngine.Color
[14:16:51.763] [DBG] Added surrogate QuaternionSurrogate for type UnityEngine.Quaternion
[14:16:51.763] [DBG] Added surrogate TechTypeSurrogate for type NitroxModel.DataStructures.GameLogic.NitroxTechType
[14:16:51.763] [DBG] Added surrogate Vector3Surrogate for type UnityEngine.Vector3
[14:16:51.781] [DBG] Updating session stage from 'DISCONNECTED' to 'ESTABLISHING_SERVER_POLICY' for ''
[14:16:51.782] [INF] Requesting session policy information...
[14:16:51.967] [INF] Processing session policy information.
[14:16:51.968] [DBG] Updating session stage from 'ESTABLISHING_SERVER_POLICY' to 'AWAITING_RESERVATION_CREDENTIALS' for ''
[14:16:51.968] [INF] Waiting for user input...
[14:16:53.354] [DBG] Updating session stage from 'AWAITING_RESERVATION_CREDENTIALS' to 'DISCONNECTED' for ''
[14:16:53.354] [INF] Disconnected from server
[14:17:01.887] [INF] [Discord] Shutdown
[14:25:18.763] [INF] Using Nitrox version 1.4.0.0 built on 2021-01-25 5:39:45 PM
[14:25:18.770] [INF] Registering dependencies
[14:25:18.871] [INF] Patching Subnautica...
[14:25:19.001] [DBG] Applying persistent patch Language_LoadLanguageFile_Patch
[14:25:19.213] [DBG] Applying persistent patch SentrySdk_Start_Patch
[14:25:19.221] [DBG] Applying persistent patch ScreenshotManager_Initialise
[14:25:19.227] [DBG] Applying persistent patch PAXTerrainController_LoadAsync_Patch
[14:25:19.245] [DBG] Applying persistent patch ProtobufSerializer_Serialize_Patch
[14:25:19.250] [DBG] Applying persistent patch ProtobufSerializer_Deserialize_Patch
[14:25:19.257] [DBG] Applying persistent patch CellManager_TryLoadCacheBatchCells_Patch
[14:25:19.263] [DBG] Applying persistent patch CellManager_GetPrefabForSlot_Patch
[14:25:19.269] [DBG] Applying persistent patch EscapePodFirstUseCinematicsController_Initialize_Patch
[14:25:19.274] [DBG] Applying persistent patch GameInput_Initialize_Patch
[14:25:19.283] [DBG] Applying persistent patch GameInput_SetupDefaultKeyboardBindings_Patch
[14:25:19.286] [DBG] Applying persistent patch uGUI_FeedbackCollector_IsEnabled_Patch
[14:25:19.288] [INF] Completed patching
[14:25:19.288] [INF] Applying Nitrox behaviours..
[14:25:19.290] [INF] Enabling developer console.
[14:25:19.290] [INF] Unity run in background set to "True"
[14:25:19.311] [INF] Behaviours applied.
[14:25:20.336] [DBG] Active scene changed from  to StartScreen
[14:25:20.336] [DBG] Scene StartScreen loaded as 2
[14:25:21.653] [ERR] Material doesn't have a texture property '_MainTex'
[14:25:21.654] [ERR] Material doesn't have a texture property '_MainTex'
[14:25:21.690] [DBG] Scene MenuEnvironment loaded as Additive
[14:25:22.290] [INF] [Discord] Init
[14:25:22.293] [DBG] Scene XMenu loaded as Additive
[14:25:25.963] [INF] Initializing MultiplayerSessionManager...
[14:25:25.973] [INF] Multiplayer client loaded...
[14:25:25.976] [INF] Initializing LiteNetLibClient...
[14:25:28.009] [INF] Unable to contact the remote server at: "*****************":11000
[14:25:29.612] [INF] Initializing MultiplayerSessionManager...
[14:25:29.612] [INF] Multiplayer client loaded...
[14:25:29.612] [INF] Initializing LiteNetLibClient...
[14:25:31.615] [INF] Unable to contact the remote server at: "*****************":11000
[14:25:31.725] [INF] Disconnected from server
[14:25:34.879] [INF] Initializing MultiplayerSessionManager...
[14:25:34.879] [INF] Multiplayer client loaded...
[14:25:34.879] [INF] Initializing LiteNetLibClient...
[14:25:34.891] [INF] Connected to server
[14:25:34.931] [DBG] Added surrogate ColorSurrogate for type UnityEngine.Color
[14:25:34.932] [DBG] Added surrogate QuaternionSurrogate for type UnityEngine.Quaternion
[14:25:34.932] [DBG] Added surrogate TechTypeSurrogate for type NitroxModel.DataStructures.GameLogic.NitroxTechType
[14:25:34.932] [DBG] Added surrogate Vector3Surrogate for type UnityEngine.Vector3
[14:25:34.952] [DBG] Updating session stage from 'DISCONNECTED' to 'ESTABLISHING_SERVER_POLICY' for ''
[14:25:34.953] [INF] Requesting session policy information...
[14:25:35.147] [INF] Processing session policy information.
[14:25:35.148] [DBG] Updating session stage from 'ESTABLISHING_SERVER_POLICY' to 'AWAITING_RESERVATION_CREDENTIALS' for ''
[14:25:35.148] [INF] Waiting for user input...
[14:25:35.328] [INF] Disconnected from server
[14:25:37.721] [DBG] Updating session stage from 'AWAITING_RESERVATION_CREDENTIALS' to 'DISCONNECTED' for ''
[14:25:37.721] [INF] Disconnected from server
[14:25:42.230] [INF] [Discord] Shutdown
[14:28:42.019] [INF] Using Nitrox version 1.4.0.0 built on 2021-01-25 5:39:45 PM
[14:28:42.025] [INF] Registering dependencies
[14:28:42.129] [INF] Patching Subnautica...
[14:28:42.264] [DBG] Applying persistent patch Language_LoadLanguageFile_Patch
[14:28:42.473] [DBG] Applying persistent patch SentrySdk_Start_Patch
[14:28:42.480] [DBG] Applying persistent patch ScreenshotManager_Initialise
[14:28:42.486] [DBG] Applying persistent patch PAXTerrainController_LoadAsync_Patch
[14:28:42.504] [DBG] Applying persistent patch ProtobufSerializer_Serialize_Patch
[14:28:42.510] [DBG] Applying persistent patch ProtobufSerializer_Deserialize_Patch
[14:28:42.518] [DBG] Applying persistent patch CellManager_TryLoadCacheBatchCells_Patch
[14:28:42.524] [DBG] Applying persistent patch CellManager_GetPrefabForSlot_Patch
[14:28:42.529] [DBG] Applying persistent patch EscapePodFirstUseCinematicsController_Initialize_Patch
[14:28:42.533] [DBG] Applying persistent patch GameInput_Initialize_Patch
[14:28:42.542] [DBG] Applying persistent patch GameInput_SetupDefaultKeyboardBindings_Patch
[14:28:42.545] [DBG] Applying persistent patch uGUI_FeedbackCollector_IsEnabled_Patch
[14:28:42.548] [INF] Completed patching
[14:28:42.548] [INF] Applying Nitrox behaviours..
[14:28:42.550] [INF] Enabling developer console.
[14:28:42.550] [INF] Unity run in background set to "True"
[14:28:42.569] [INF] Behaviours applied.
[14:28:43.613] [DBG] Active scene changed from  to StartScreen
[14:28:43.614] [DBG] Scene StartScreen loaded as 2
[14:28:44.898] [ERR] Material doesn't have a texture property '_MainTex'
[14:28:44.898] [ERR] Material doesn't have a texture property '_MainTex'
[14:28:44.934] [DBG] Scene MenuEnvironment loaded as Additive
[14:28:45.306] [ERR] ArgumentException: JSON parse error: Invalid value.
UnityEngine.JsonUtility.FromJson (System.String json, System.Type type) (at <c442da38ea8b417a8a8e20b6445f6e4d>:0)
UnityEngine.JsonUtility.FromJson[T] (System.String json) (at <c442da38ea8b417a8a8e20b6445f6e4d>:0)
LogSettingsResponse.CreateFromJSON (System.String jsonString) (at <08e3a801b15c454eadae7919261dd9cc>:0)
Telemetry+<DownloadLoggingSettings>d__20.MoveNext () (at <08e3a801b15c454eadae7919261dd9cc>:0)
UnityEngine.SetupCoroutine.InvokeMoveNext (System.Collections.IEnumerator enumerator, System.IntPtr returnValueAddress) (at <ff66cad1e8f84652b46bcb4692a8f519>:0)
[14:28:45.558] [INF] [Discord] Init
[14:28:45.561] [DBG] Scene XMenu loaded as Additive
[14:28:57.063] [INF] Initializing MultiplayerSessionManager...
[14:28:57.075] [INF] Multiplayer client loaded...
[14:28:57.078] [INF] Initializing LiteNetLibClient...
[14:28:59.111] [INF] Unable to contact the remote server at: "*****************":11000
[14:29:02.814] [INF] Disconnected from server
[14:29:08.988] [WRN] No language file was found for at D:\GitHub\Nitrox\NitroxLauncher\bin\Debug\LanguageFiles\Dutch.json. Using English as fallback
[14:29:09.532] [WRN] No language file was found for at D:\GitHub\Nitrox\NitroxLauncher\bin\Debug\LanguageFiles\Danish.json. Using English as fallback
[14:29:10.100] [WRN] No language file was found for at D:\GitHub\Nitrox\NitroxLauncher\bin\Debug\LanguageFiles\Czech.json. Using English as fallback
[14:29:10.613] [WRN] No language file was found for at D:\GitHub\Nitrox\NitroxLauncher\bin\Debug\LanguageFiles\Croatian.json. Using English as fallback
[14:29:11.105] [WRN] No language file was found for at D:\GitHub\Nitrox\NitroxLauncher\bin\Debug\LanguageFiles\Chinese (Simplified).json. Using English as fallback
[14:29:11.939] [WRN] No language file was found for at D:\GitHub\Nitrox\NitroxLauncher\bin\Debug\LanguageFiles\Bulgarian.json. Using English as fallback
[14:29:12.914] [WRN] No language file was found for at D:\GitHub\Nitrox\NitroxLauncher\bin\Debug\LanguageFiles\Chinese (Simplified).json. Using English as fallback
[14:29:13.058] [WRN] No language file was found for at D:\GitHub\Nitrox\NitroxLauncher\bin\Debug\LanguageFiles\Croatian.json. Using English as fallback
[14:29:13.177] [WRN] No language file was found for at D:\GitHub\Nitrox\NitroxLauncher\bin\Debug\LanguageFiles\Czech.json. Using English as fallback
[14:29:13.290] [WRN] No language file was found for at D:\GitHub\Nitrox\NitroxLauncher\bin\Debug\LanguageFiles\Danish.json. Using English as fallback
[14:29:13.439] [WRN] No language file was found for at D:\GitHub\Nitrox\NitroxLauncher\bin\Debug\LanguageFiles\Dutch.json. Using English as fallback
[14:29:14.080] [WRN] No language file was found for at D:\GitHub\Nitrox\NitroxLauncher\bin\Debug\LanguageFiles\Estonian.json. Using English as fallback
[14:29:24.435] [INF] Initializing MultiplayerSessionManager...
[14:29:24.435] [INF] Chargement du client multijoueur...
[14:29:24.435] [INF] Initializing LiteNetLibClient...
[14:29:26.438] [INF] Impossible de se connecter au serveur : "*****************":11000
[14:29:30.139] [INF] Disconnected from server
[14:29:31.737] [INF] [Discord] Shutdown
