[20:22:25.523] [INF] Using game files from: 
[20:22:25.531] [ERR] Could not load file or assembly 'Assembly-CSharp, Version=0.0.0.0, Culture=neutral, PublicKeyToken=null' or one of its dependencies. Invalid pointer (Exception from HRESULT: 0x80004003 (E_POINTER))
System.IO.FileLoadException: Could not load file or assembly 'Assembly-CSharp, Version=0.0.0.0, Culture=neutral, PublicKeyToken=null' or one of its dependencies. Invalid pointer (Exception from HRESULT: 0x80004003 (E_POINTER))
File name: 'Assembly-CSharp, Version=0.0.0.0, Culture=neutral, PublicKeyToken=null' ---> System.ArgumentNullException: Value cannot be null.
Parameter name: path1
   at System.IO.Path.Combine(String path1, String path2, String path3, String path4)
   at NitroxServer_Subnautica.Program.CurrentDomainOnAssemblyResolve(Object sender, ResolveEventArgs args)
   at System.AppDomain.OnAssemblyResolveEvent(RuntimeAssembly assembly, String assemblyFullName)
   at NitroxServer_Subnautica.SubnauticaServerAutoFacRegistrar.RegisterDependencies(ContainerBuilder containerBuilder)
   at NitroxModel.Core.NitroxServiceLocator.InitializeDependencyContainer(IAutoFacRegistrar[] registrars) in D:\GitHub\Nitrox\NitroxModel\Core\NitroxServiceLocator.cs:line 18
   at NitroxServer_Subnautica.Program.<Main>d__3.MoveNext()
--- End of stack trace from previous location where exception was thrown ---
   at System.Runtime.CompilerServices.TaskAwaiter.ThrowForNonSuccess(Task task)
   at System.Runtime.CompilerServices.TaskAwaiter.HandleNonSuccessAndDebuggerNotification(Task task)
   at System.Runtime.CompilerServices.TaskAwaiter.GetResult()
   at NitroxServer_Subnautica.Program.<Main>(String[] args)


[20:22:36.031] [INF] Using game files from: 
[20:22:36.038] [ERR] Could not load file or assembly 'Assembly-CSharp, Version=0.0.0.0, Culture=neutral, PublicKeyToken=null' or one of its dependencies. Invalid pointer (Exception from HRESULT: 0x80004003 (E_POINTER))
System.IO.FileLoadException: Could not load file or assembly 'Assembly-CSharp, Version=0.0.0.0, Culture=neutral, PublicKeyToken=null' or one of its dependencies. Invalid pointer (Exception from HRESULT: 0x80004003 (E_POINTER))
File name: 'Assembly-CSharp, Version=0.0.0.0, Culture=neutral, PublicKeyToken=null' ---> System.ArgumentNullException: Value cannot be null.
Parameter name: path1
   at System.IO.Path.Combine(String path1, String path2, String path3, String path4)
   at NitroxServer_Subnautica.Program.CurrentDomainOnAssemblyResolve(Object sender, ResolveEventArgs args)
   at System.AppDomain.OnAssemblyResolveEvent(RuntimeAssembly assembly, String assemblyFullName)
   at NitroxServer_Subnautica.SubnauticaServerAutoFacRegistrar.RegisterDependencies(ContainerBuilder containerBuilder)
   at NitroxModel.Core.NitroxServiceLocator.InitializeDependencyContainer(IAutoFacRegistrar[] registrars) in D:\GitHub\Nitrox\NitroxModel\Core\NitroxServiceLocator.cs:line 18
   at NitroxServer_Subnautica.Program.<Main>d__3.MoveNext()
--- End of stack trace from previous location where exception was thrown ---
   at System.Runtime.CompilerServices.TaskAwaiter.ThrowForNonSuccess(Task task)
   at System.Runtime.CompilerServices.TaskAwaiter.HandleNonSuccessAndDebuggerNotification(Task task)
   at System.Runtime.CompilerServices.TaskAwaiter.GetResult()
   at NitroxServer_Subnautica.Program.<Main>(String[] args)


[20:22:36.039] [INF] Press L to open log file before closing. Press any other key to close . . .
[20:23:05.435] [INF] Opening log file at: D:\GitHub\Nitrox\NitroxLauncher\bin\Debug\Nitrox Logs\server-20210125.log..
[20:30:03.130] [INF] Using game files from: D:\Subnautica
[20:30:06.737] [WRN] No previous save file found - creating a new one.
[20:30:06.743] [INF] Loading world with seed TCCBIBZXAB
[20:30:06.753] [DBG] Event Triggerer started!
[20:30:06.958] [INF] Server is listening on port 11000 UDP
[20:30:06.958] [INF] Using PROTOBUF as save file serializer
[20:30:06.960] [INF] Server Password: "**********************"
[20:30:06.962] [INF] Admin Password: "**************"
[20:30:06.962] [INF] Autosave: ENABLED (2 min)
[20:30:06.962] [INF] World GameMode: SURVIVAL
[20:30:06.964] [INF] Loaded save

 - Save location: D:\GitHub\Nitrox\NitroxLauncher\bin\Debug\world
 - Radio messages stored: 0
 - Story goals completed: 0
 - Story goals unlocked: 0
 - Encyclopedia entries: 0
 - Storage slot items: 0
 - Inventory items: 0
 - Known tech: 0
 - Vehicles: 0

[20:30:06.964] [INF] Server has paused
[20:30:06.964] [INF] Server is waiting for players!
[20:30:06.965] [INF] To get help for commands, run help in console or /help in chatbox
[20:30:42.954] [INF] Nitrox Server Stopping...
[20:30:43.026] [INF] World state saved.
[20:30:43.048] [INF] Nitrox Server Stopped
[20:32:53.022] [INF] Using game files from: D:\Subnautica
[20:32:56.040] [ERR] Could not load world, creating a new one: System.IO.InvalidDataException: Save files are not valid
   at NitroxServer.Serialization.World.WorldPersistence.LoadFromFile(String saveDir) in D:\GitHub\Nitrox\NitroxServer\Serialization\World\WorldPersistence.cs:line 98
[20:32:56.043] [INF] Loading world with seed TCCBIBZXAB
[20:32:56.053] [DBG] Event Triggerer started!
[20:32:56.201] [INF] Server is listening on port 11000 UDP
[20:32:56.201] [INF] Using PROTOBUF as save file serializer
[20:32:56.203] [INF] Server Password: "**********************"
[20:32:56.205] [INF] Admin Password: "**************"
[20:32:56.205] [INF] Autosave: ENABLED (2 min)
[20:32:56.205] [INF] World GameMode: SURVIVAL
[20:32:56.206] [INF] Loaded save

 - Save location: D:\GitHub\Nitrox\NitroxLauncher\bin\Debug\world
 - Radio messages stored: 0
 - Story goals completed: 0
 - Story goals unlocked: 0
 - Encyclopedia entries: 0
 - Storage slot items: 0
 - Inventory items: 0
 - Known tech: 0
 - Vehicles: 0

[20:32:56.207] [INF] Server has paused
[20:32:56.207] [INF] Server is waiting for players!
[20:32:56.207] [INF] To get help for commands, run help in console or /help in chatbox
[20:33:11.792] [INF] Exiting ...
[20:33:11.792] [INF] Nitrox Server Stopping...
[20:33:11.813] [INF] World state saved.
[20:33:11.841] [INF] Nitrox Server Stopped
